[2020-10-29T23:39:02.440892-03:00] mvc-app.INFO: Peticion a: GET  / [] []
[2020-10-29T23:39:08.869986-03:00] mvc-app.INFO: Peticion a: GET  /noticias [] []
[2020-10-29T23:39:50.633027-03:00] mvc-app.INFO: Peticion a: GET  /home [] []
[2020-10-29T23:40:21.938191-03:00] mvc-app.INFO: Peticion a: GET  /turnos [] []
[2020-10-29T23:40:50.653223-03:00] mvc-app.INFO: Peticion a: GET  /noticias [] []
[2020-10-29T23:42:01.278174-03:00] mvc-app.INFO: Peticion a: GET  /noticiass [] []
[2020-10-29T23:42:01.326456-03:00] mvc-app.INFO: Status code 404 - Route not found {"Path":"/noticiass"} []
[2020-10-29T23:42:14.997051-03:00] mvc-app.INFO: Peticion a: GET  /noticias [] []
[2020-10-29T23:44:44.861495-03:00] mvc-app.INFO: Peticion a: GET  /home [] []
[2020-10-29T23:44:47.497738-03:00] mvc-app.INFO: Peticion a: GET  /noticias [] []
[2020-10-30T01:08:02.985534-03:00] mvc-app.INFO: Status code = 200 {"PATH":"/noticias","METHOD":"GET"} []
[2020-10-30T01:08:05.109637-03:00] mvc-app.INFO: Status code = 200 {"PATH":"/noticias","METHOD":"GET"} []
[2020-10-30T01:08:06.445104-03:00] mvc-app.INFO: Status code = 200 {"PATH":"/noticias","METHOD":"GET"} []
[2020-10-30T01:08:07.515937-03:00] mvc-app.DEBUG: Status code = 404- Route Not Found {"ERROR":"[object] (Paw\\Core\\Exceptions\\RouteNotFoundException(code: 0): No existe ruta para este path at /home/stiven/PAW_2020/tp3/src/Core/Router.php:50)"} []
[2020-10-30T01:08:10.510012-03:00] mvc-app.INFO: Status code = 200 {"PATH":"/turnos","METHOD":"GET"} []
[2020-10-30T01:08:12.817867-03:00] mvc-app.INFO: Status code = 200 {"PATH":"/home","METHOD":"GET"} []
[2020-10-30T01:08:14.546398-03:00] mvc-app.INFO: Status code = 200 {"PATH":"/noticias","METHOD":"GET"} []
[2020-10-30T01:10:50.622333-03:00] mvc-app.INFO: Status code = 200 {"PATH":"/noticias","METHOD":"GET"} []
[2020-10-30T01:10:51.974898-03:00] mvc-app.INFO: Status code = 200 {"PATH":"/home","METHOD":"GET"} []
[2020-10-30T01:10:54.070850-03:00] mvc-app.DEBUG: Status code = 404- Route Not Found {"ERROR":"[object] (Paw\\Core\\Exceptions\\RouteNotFoundException(code: 0): No existe ruta para este path at /home/stiven/PAW_2020/tp3/src/Core/Router.php:50)"} []
[2020-10-30T01:10:55.421339-03:00] mvc-app.INFO: Status code = 200 {"PATH":"/noticias","METHOD":"GET"} []
