[2020-10-26T18:03:15.116859-03:00] main.DEBUG: Creando instancia de PAW/Router [] []
[2020-10-26T18:03:15.122186-03:00] main.DEBUG: Rutas creadas [] []
[2020-10-26T18:03:15.122331-03:00] main.DEBUG: Redireccionando a: / [] []
[2020-10-26T18:03:15.122412-03:00] main.DEBUG: Ruta: / [] []
[2020-10-26T18:03:15.123257-03:00] main.DEBUG: Usando la clase PageController metodo index [] []
[2020-10-26T18:03:23.127382-03:00] main.DEBUG: Creando instancia de PAW/Router [] []
[2020-10-26T18:03:23.131067-03:00] main.DEBUG: Rutas creadas [] []
[2020-10-26T18:03:23.131611-03:00] main.DEBUG: Redireccionando a: / [] []
[2020-10-26T18:03:23.131792-03:00] main.DEBUG: Ruta: / [] []
[2020-10-26T18:03:23.132913-03:00] main.DEBUG: Usando la clase PageController metodo index [] []
[2020-10-26T18:03:24.271974-03:00] main.DEBUG: Creando instancia de PAW/Router [] []
[2020-10-26T18:03:24.275225-03:00] main.DEBUG: Rutas creadas [] []
[2020-10-26T18:03:24.275321-03:00] main.DEBUG: Redireccionando a: / [] []
[2020-10-26T18:03:24.275377-03:00] main.DEBUG: Ruta: / [] []
[2020-10-26T18:03:24.275995-03:00] main.DEBUG: Usando la clase PageController metodo index [] []
[2020-10-26T18:03:25.523858-03:00] main.DEBUG: Creando instancia de PAW/Router [] []
[2020-10-26T18:03:25.527862-03:00] main.DEBUG: Rutas creadas [] []
[2020-10-26T18:03:25.527979-03:00] main.DEBUG: Redireccionando a: / [] []
[2020-10-26T18:03:25.528262-03:00] main.DEBUG: Ruta: / [] []
[2020-10-26T18:03:25.529388-03:00] main.DEBUG: Usando la clase PageController metodo index [] []
[2020-10-26T18:04:56.693042-03:00] main.DEBUG: Creando instancia de PAW/Router [] []
[2020-10-26T18:04:56.698395-03:00] main.DEBUG: Rutas creadas [] []
[2020-10-26T18:04:56.698538-03:00] main.DEBUG: Redireccionando a: / [] []
[2020-10-26T18:04:56.698593-03:00] main.DEBUG: Ruta: / [] []
[2020-10-26T18:04:56.699504-03:00] main.DEBUG: Usando la clase PageController metodo index [] []
[2020-10-26T18:05:13.580520-03:00] main.DEBUG: Creando instancia de PAW/Router [] []
[2020-10-26T18:05:13.584746-03:00] main.DEBUG: Rutas creadas [] []
[2020-10-26T18:05:13.584865-03:00] main.DEBUG: Redireccionando a: / [] []
[2020-10-26T18:05:13.584930-03:00] main.DEBUG: Ruta: / [] []
[2020-10-26T18:05:13.585807-03:00] main.DEBUG: Usando la clase PageController metodo index [] []
[2020-10-26T18:05:57.138125-03:00] main.DEBUG: Creando instancia de PAW/Router [] []
[2020-10-26T18:05:57.143351-03:00] main.DEBUG: Rutas creadas [] []
[2020-10-26T18:05:57.143448-03:00] main.DEBUG: Redireccionando a: / [] []
[2020-10-26T18:05:57.143504-03:00] main.DEBUG: Ruta: / [] []
[2020-10-26T18:05:57.144297-03:00] main.DEBUG: Usando la clase PageController metodo index [] []
[2020-10-26T18:06:00.473697-03:00] main.DEBUG: Creando instancia de PAW/Router [] []
[2020-10-26T18:06:00.480644-03:00] main.DEBUG: Rutas creadas [] []
[2020-10-26T18:06:00.481049-03:00] main.DEBUG: Redireccionando a: / [] []
[2020-10-26T18:06:00.481141-03:00] main.DEBUG: Ruta: / [] []
[2020-10-26T18:06:00.482589-03:00] main.DEBUG: Usando la clase PageController metodo index [] []
[2020-10-26T18:06:01.788071-03:00] main.DEBUG: Creando instancia de PAW/Router [] []
[2020-10-26T18:06:01.793607-03:00] main.DEBUG: Rutas creadas [] []
[2020-10-26T18:06:01.793750-03:00] main.DEBUG: Redireccionando a: / [] []
[2020-10-26T18:06:01.793818-03:00] main.DEBUG: Ruta: / [] []
[2020-10-26T18:06:01.794620-03:00] main.DEBUG: Usando la clase PageController metodo index [] []
[2020-10-26T18:06:04.686191-03:00] main.DEBUG: Creando instancia de PAW/Router [] []
[2020-10-26T18:06:04.691122-03:00] main.DEBUG: Rutas creadas [] []
[2020-10-26T18:06:04.691228-03:00] main.DEBUG: Redireccionando a: / [] []
[2020-10-26T18:06:04.691282-03:00] main.DEBUG: Ruta: / [] []
[2020-10-26T18:06:04.691965-03:00] main.DEBUG: Usando la clase PageController metodo index [] []
[2020-10-26T18:07:23.846638-03:00] main.DEBUG: Creando instancia de PAW/Router [] []
[2020-10-26T18:07:23.852128-03:00] main.DEBUG: Rutas creadas [] []
[2020-10-26T18:07:23.852247-03:00] main.DEBUG: Redireccionando a: / [] []
[2020-10-26T18:07:23.852309-03:00] main.DEBUG: Ruta: / [] []
[2020-10-26T18:07:23.853219-03:00] main.DEBUG: Usando la clase PageController metodo index [] []
[2020-10-26T18:08:49.205512-03:00] main.DEBUG: Creando instancia de PAW/Router [] []
[2020-10-26T18:08:49.211372-03:00] main.DEBUG: Rutas creadas [] []
[2020-10-26T18:08:49.211492-03:00] main.DEBUG: Redireccionando a: / [] []
[2020-10-26T18:08:49.211552-03:00] main.DEBUG: Ruta: / [] []
[2020-10-26T18:08:49.212538-03:00] main.DEBUG: Usando la clase PageController metodo index [] []
[2020-10-26T18:09:05.588983-03:00] main.DEBUG: Creando instancia de PAW/Router [] []
[2020-10-26T18:09:05.597308-03:00] main.DEBUG: Rutas creadas [] []
[2020-10-26T18:09:05.597412-03:00] main.DEBUG: Redireccionando a: / [] []
[2020-10-26T18:09:05.597468-03:00] main.DEBUG: Ruta: / [] []
[2020-10-26T18:09:05.598213-03:00] main.DEBUG: Usando la clase PageController metodo index [] []
[2020-10-26T18:10:07.704686-03:00] main.DEBUG: Creando instancia de PAW/Router [] []
[2020-10-26T18:10:07.711894-03:00] main.DEBUG: Rutas creadas [] []
[2020-10-26T18:10:07.711999-03:00] main.DEBUG: Redireccionando a: / [] []
[2020-10-26T18:10:07.712053-03:00] main.DEBUG: Ruta: / [] []
[2020-10-26T18:10:07.712808-03:00] main.DEBUG: Usando la clase PageController metodo index [] []
[2020-10-26T18:12:10.388354-03:00] main.DEBUG: Creando instancia de PAW/Router [] []
[2020-10-26T18:12:10.397999-03:00] main.DEBUG: Rutas creadas [] []
[2020-10-26T18:12:10.398112-03:00] main.DEBUG: Redireccionando a: / [] []
[2020-10-26T18:12:10.398173-03:00] main.DEBUG: Ruta: / [] []
[2020-10-26T18:12:10.400301-03:00] main.DEBUG: Usando la clase PageController metodo index [] []
[2020-10-26T18:13:02.066045-03:00] main.DEBUG: Creando instancia de PAW/Router [] []
[2020-10-26T18:13:02.071706-03:00] main.DEBUG: Rutas creadas [] []
[2020-10-26T18:13:02.071837-03:00] main.DEBUG: Redireccionando a: / [] []
[2020-10-26T18:13:02.071900-03:00] main.DEBUG: Ruta: / [] []
[2020-10-26T18:13:02.073292-03:00] main.DEBUG: Usando la clase PageController metodo index [] []
[2020-10-26T18:13:32.997341-03:00] main.DEBUG: Creando instancia de PAW/Router [] []
[2020-10-26T18:13:33.002001-03:00] main.DEBUG: Rutas creadas [] []
[2020-10-26T18:13:33.002106-03:00] main.DEBUG: Redireccionando a: / [] []
[2020-10-26T18:13:33.002161-03:00] main.DEBUG: Ruta: / [] []
[2020-10-26T18:13:33.002873-03:00] main.DEBUG: Usando la clase PageController metodo index [] []
[2020-10-26T18:14:46.926440-03:00] main.DEBUG: Creando instancia de PAW/Router [] []
[2020-10-26T18:14:46.931513-03:00] main.DEBUG: Rutas creadas [] []
[2020-10-26T18:14:46.931637-03:00] main.DEBUG: Redireccionando a: / [] []
[2020-10-26T18:14:46.931696-03:00] main.DEBUG: Ruta: / [] []
[2020-10-26T18:14:46.933338-03:00] main.DEBUG: Usando la clase PageController metodo index [] []
[2020-10-26T18:15:42.477506-03:00] main.DEBUG: Creando instancia de PAW/Router [] []
[2020-10-26T18:15:42.481021-03:00] main.DEBUG: Rutas creadas [] []
[2020-10-26T18:15:42.481122-03:00] main.DEBUG: Redireccionando a: / [] []
[2020-10-26T18:15:42.481177-03:00] main.DEBUG: Ruta: / [] []
[2020-10-26T18:15:42.481838-03:00] main.DEBUG: Usando la clase PageController metodo index [] []
[2020-10-26T18:16:00.501669-03:00] main.DEBUG: Creando instancia de PAW/Router [] []
[2020-10-26T18:16:00.506762-03:00] main.DEBUG: Rutas creadas [] []
[2020-10-26T18:16:00.506872-03:00] main.DEBUG: Redireccionando a: / [] []
[2020-10-26T18:16:00.506928-03:00] main.DEBUG: Ruta: / [] []
[2020-10-26T18:16:00.507665-03:00] main.DEBUG: Usando la clase PageController metodo index [] []
[2020-10-26T18:16:18.169505-03:00] main.DEBUG: Creando instancia de PAW/Router [] []
[2020-10-26T18:16:18.172993-03:00] main.DEBUG: Rutas creadas [] []
[2020-10-26T18:16:18.173099-03:00] main.DEBUG: Redireccionando a: / [] []
[2020-10-26T18:16:18.173155-03:00] main.DEBUG: Ruta: / [] []
[2020-10-26T18:16:18.173918-03:00] main.DEBUG: Usando la clase PageController metodo index [] []
[2020-10-26T18:16:36.009258-03:00] main.DEBUG: Creando instancia de PAW/Router [] []
[2020-10-26T18:16:36.017563-03:00] main.DEBUG: Rutas creadas [] []
[2020-10-26T18:16:36.017917-03:00] main.DEBUG: Redireccionando a: / [] []
[2020-10-26T18:16:36.017989-03:00] main.DEBUG: Ruta: / [] []
[2020-10-26T18:16:36.018810-03:00] main.DEBUG: Usando la clase PageController metodo index [] []
[2020-10-26T18:17:16.892683-03:00] main.DEBUG: Creando instancia de PAW/Router [] []
[2020-10-26T18:17:16.900868-03:00] main.DEBUG: Rutas creadas [] []
[2020-10-26T18:17:16.900967-03:00] main.DEBUG: Redireccionando a: / [] []
[2020-10-26T18:17:16.901023-03:00] main.DEBUG: Ruta: / [] []
[2020-10-26T18:17:16.902108-03:00] main.DEBUG: Usando la clase PageController metodo index [] []
[2020-10-26T18:17:30.801773-03:00] main.DEBUG: Creando instancia de PAW/Router [] []
[2020-10-26T18:17:30.805964-03:00] main.DEBUG: Rutas creadas [] []
[2020-10-26T18:17:30.806083-03:00] main.DEBUG: Redireccionando a: / [] []
[2020-10-26T18:17:30.806140-03:00] main.DEBUG: Ruta: / [] []
[2020-10-26T18:17:30.806912-03:00] main.DEBUG: Usando la clase PageController metodo index [] []
[2020-10-26T18:18:16.897947-03:00] main.DEBUG: Creando instancia de PAW/Router [] []
[2020-10-26T18:18:16.901338-03:00] main.DEBUG: Rutas creadas [] []
[2020-10-26T18:18:16.901436-03:00] main.DEBUG: Redireccionando a: / [] []
[2020-10-26T18:18:16.901491-03:00] main.DEBUG: Ruta: / [] []
[2020-10-26T18:18:16.902141-03:00] main.DEBUG: Usando la clase PageController metodo index [] []
[2020-10-26T18:20:30.827041-03:00] main.DEBUG: Creando instancia de PAW/Router [] []
[2020-10-26T18:20:30.836713-03:00] main.DEBUG: Rutas creadas [] []
[2020-10-26T18:20:30.836828-03:00] main.DEBUG: Redireccionando a: / [] []
[2020-10-26T18:20:30.836884-03:00] main.DEBUG: Ruta: / [] []
[2020-10-26T18:20:30.837887-03:00] main.DEBUG: Usando la clase PageController metodo index [] []
[2020-10-26T18:21:23.632517-03:00] main.DEBUG: Creando instancia de PAW/Router [] []
[2020-10-26T18:21:23.639476-03:00] main.DEBUG: Rutas creadas [] []
[2020-10-26T18:21:23.639585-03:00] main.DEBUG: Redireccionando a: /login.php [] []
[2020-10-26T18:21:23.639640-03:00] main.DEBUG: Ruta: /login.php [] []
[2020-10-26T18:21:23.639693-03:00] main.DEBUG: Ruta: /login.php no existe [] []
[2020-10-26T18:21:28.092637-03:00] main.DEBUG: Creando instancia de PAW/Router [] []
[2020-10-26T18:21:28.101584-03:00] main.DEBUG: Rutas creadas [] []
[2020-10-26T18:21:28.101750-03:00] main.DEBUG: Redireccionando a: / [] []
[2020-10-26T18:21:28.101816-03:00] main.DEBUG: Ruta: / [] []
[2020-10-26T18:21:28.102705-03:00] main.DEBUG: Usando la clase PageController metodo index [] []
[2020-10-26T18:21:28.228300-03:00] main.DEBUG: Creando instancia de PAW/Router [] []
[2020-10-26T18:21:28.237028-03:00] main.DEBUG: Rutas creadas [] []
[2020-10-26T18:21:28.237152-03:00] main.DEBUG: Redireccionando a: / [] []
[2020-10-26T18:21:28.237214-03:00] main.DEBUG: Ruta: / [] []
[2020-10-26T18:21:28.237989-03:00] main.DEBUG: Usando la clase PageController metodo index [] []
[2020-10-26T18:22:36.195570-03:00] main.DEBUG: Creando instancia de PAW/Router [] []
[2020-10-26T18:22:36.206164-03:00] main.DEBUG: Rutas creadas [] []
[2020-10-26T18:22:36.206317-03:00] main.DEBUG: Redireccionando a: / [] []
[2020-10-26T18:22:36.206406-03:00] main.DEBUG: Ruta: / [] []
[2020-10-26T18:22:36.207594-03:00] main.DEBUG: Usando la clase PageController metodo index [] []
[2020-10-26T18:23:24.794357-03:00] main.DEBUG: Creando instancia de PAW/Router [] []
[2020-10-26T18:23:24.799369-03:00] main.DEBUG: Rutas creadas [] []
[2020-10-26T18:23:24.799469-03:00] main.DEBUG: Redireccionando a: / [] []
[2020-10-26T18:23:24.799525-03:00] main.DEBUG: Ruta: / [] []
[2020-10-26T18:23:24.800168-03:00] main.DEBUG: Usando la clase PageController metodo index [] []
[2020-10-26T18:23:40.588162-03:00] main.DEBUG: Creando instancia de PAW/Router [] []
[2020-10-26T18:23:40.592545-03:00] main.DEBUG: Rutas creadas [] []
[2020-10-26T18:23:40.592783-03:00] main.DEBUG: Redireccionando a: / [] []
[2020-10-26T18:23:40.595276-03:00] main.DEBUG: Ruta: / [] []
[2020-10-26T18:23:40.596034-03:00] main.DEBUG: Usando la clase PageController metodo index [] []
[2020-10-26T18:26:21.101664-03:00] main.DEBUG: Creando instancia de PAW/Router [] []
[2020-10-26T18:26:21.111318-03:00] main.DEBUG: Rutas creadas [] []
[2020-10-26T18:26:21.111434-03:00] main.DEBUG: Redireccionando a: / [] []
[2020-10-26T18:26:21.111497-03:00] main.DEBUG: Ruta: / [] []
[2020-10-26T18:26:21.113911-03:00] main.DEBUG: Usando la clase PageController metodo index [] []
[2020-10-26T18:27:12.193752-03:00] main.DEBUG: Creando instancia de PAW/Router [] []
[2020-10-26T18:27:12.197942-03:00] main.DEBUG: Rutas creadas [] []
[2020-10-26T18:27:12.198051-03:00] main.DEBUG: Redireccionando a: / [] []
[2020-10-26T18:27:12.198106-03:00] main.DEBUG: Ruta: / [] []
[2020-10-26T18:27:12.198748-03:00] main.DEBUG: Usando la clase PageController metodo index [] []
[2020-10-26T18:27:26.610358-03:00] main.DEBUG: Creando instancia de PAW/Router [] []
[2020-10-26T18:27:26.615576-03:00] main.DEBUG: Rutas creadas [] []
[2020-10-26T18:27:26.615679-03:00] main.DEBUG: Redireccionando a: / [] []
[2020-10-26T18:27:26.615733-03:00] main.DEBUG: Ruta: / [] []
[2020-10-26T18:27:26.616689-03:00] main.DEBUG: Usando la clase PageController metodo index [] []
[2020-10-26T18:28:07.918204-03:00] main.DEBUG: Creando instancia de PAW/Router [] []
[2020-10-26T18:28:07.922473-03:00] main.DEBUG: Rutas creadas [] []
[2020-10-26T18:28:07.922593-03:00] main.DEBUG: Redireccionando a: / [] []
[2020-10-26T18:28:07.922649-03:00] main.DEBUG: Ruta: / [] []
[2020-10-26T18:28:07.923366-03:00] main.DEBUG: Usando la clase PageController metodo index [] []
[2020-10-26T18:28:20.597877-03:00] main.DEBUG: Creando instancia de PAW/Router [] []
[2020-10-26T18:28:20.602046-03:00] main.DEBUG: Rutas creadas [] []
[2020-10-26T18:28:20.602235-03:00] main.DEBUG: Redireccionando a: / [] []
[2020-10-26T18:28:20.602293-03:00] main.DEBUG: Ruta: / [] []
[2020-10-26T18:28:20.603086-03:00] main.DEBUG: Usando la clase PageController metodo index [] []
[2020-10-26T18:28:29.211109-03:00] main.DEBUG: Creando instancia de PAW/Router [] []
[2020-10-26T18:28:29.215990-03:00] main.DEBUG: Rutas creadas [] []
[2020-10-26T18:28:29.216090-03:00] main.DEBUG: Redireccionando a: / [] []
[2020-10-26T18:28:29.216145-03:00] main.DEBUG: Ruta: / [] []
[2020-10-26T18:28:29.217440-03:00] main.DEBUG: Usando la clase PageController metodo index [] []
[2020-10-26T18:29:09.578142-03:00] main.DEBUG: Creando instancia de PAW/Router [] []
[2020-10-26T18:29:09.583740-03:00] main.DEBUG: Rutas creadas [] []
[2020-10-26T18:29:09.583836-03:00] main.DEBUG: Redireccionando a: / [] []
[2020-10-26T18:29:09.583892-03:00] main.DEBUG: Ruta: / [] []
[2020-10-26T18:29:09.585274-03:00] main.DEBUG: Usando la clase PageController metodo index [] []
[2020-10-26T18:30:00.913658-03:00] main.DEBUG: Creando instancia de PAW/Router [] []
[2020-10-26T18:30:00.917569-03:00] main.DEBUG: Rutas creadas [] []
[2020-10-26T18:30:00.917671-03:00] main.DEBUG: Redireccionando a: / [] []
[2020-10-26T18:30:00.917729-03:00] main.DEBUG: Ruta: / [] []
[2020-10-26T18:30:00.918426-03:00] main.DEBUG: Usando la clase PageController metodo index [] []
[2020-10-26T18:30:05.251617-03:00] main.DEBUG: Creando instancia de PAW/Router [] []
[2020-10-26T18:30:05.255763-03:00] main.DEBUG: Rutas creadas [] []
[2020-10-26T18:30:05.255862-03:00] main.DEBUG: Redireccionando a: / [] []
[2020-10-26T18:30:05.255918-03:00] main.DEBUG: Ruta: / [] []
[2020-10-26T18:30:05.256548-03:00] main.DEBUG: Usando la clase PageController metodo index [] []
[2020-10-26T18:30:52.505423-03:00] main.DEBUG: Creando instancia de PAW/Router [] []
[2020-10-26T18:30:52.514087-03:00] main.DEBUG: Rutas creadas [] []
[2020-10-26T18:30:52.514188-03:00] main.DEBUG: Redireccionando a: / [] []
[2020-10-26T18:30:52.514248-03:00] main.DEBUG: Ruta: / [] []
[2020-10-26T18:30:52.515671-03:00] main.DEBUG: Usando la clase PageController metodo index [] []
[2020-10-26T18:31:02.347586-03:00] main.DEBUG: Creando instancia de PAW/Router [] []
[2020-10-26T18:31:02.351106-03:00] main.DEBUG: Rutas creadas [] []
[2020-10-26T18:31:02.351203-03:00] main.DEBUG: Redireccionando a: / [] []
[2020-10-26T18:31:02.351258-03:00] main.DEBUG: Ruta: / [] []
[2020-10-26T18:31:02.352053-03:00] main.DEBUG: Usando la clase PageController metodo index [] []
[2020-10-26T18:31:15.668186-03:00] main.DEBUG: Creando instancia de PAW/Router [] []
[2020-10-26T18:31:15.671702-03:00] main.DEBUG: Rutas creadas [] []
[2020-10-26T18:31:15.671799-03:00] main.DEBUG: Redireccionando a: / [] []
[2020-10-26T18:31:15.671854-03:00] main.DEBUG: Ruta: / [] []
[2020-10-26T18:31:15.674688-03:00] main.DEBUG: Usando la clase PageController metodo index [] []
[2020-10-26T18:31:26.669132-03:00] main.DEBUG: Creando instancia de PAW/Router [] []
[2020-10-26T18:31:26.672681-03:00] main.DEBUG: Rutas creadas [] []
[2020-10-26T18:31:26.672951-03:00] main.DEBUG: Redireccionando a: / [] []
[2020-10-26T18:31:26.673093-03:00] main.DEBUG: Ruta: / [] []
[2020-10-26T18:31:26.674366-03:00] main.DEBUG: Usando la clase PageController metodo index [] []
[2020-10-26T18:31:35.885013-03:00] main.DEBUG: Creando instancia de PAW/Router [] []
[2020-10-26T18:31:35.891872-03:00] main.DEBUG: Rutas creadas [] []
[2020-10-26T18:31:35.891975-03:00] main.DEBUG: Redireccionando a: / [] []
[2020-10-26T18:31:35.892030-03:00] main.DEBUG: Ruta: / [] []
[2020-10-26T18:31:35.892705-03:00] main.DEBUG: Usando la clase PageController metodo index [] []
[2020-10-26T18:32:00.189816-03:00] main.DEBUG: Creando instancia de PAW/Router [] []
[2020-10-26T18:32:00.193368-03:00] main.DEBUG: Rutas creadas [] []
[2020-10-26T18:32:00.193470-03:00] main.DEBUG: Redireccionando a: / [] []
[2020-10-26T18:32:00.193525-03:00] main.DEBUG: Ruta: / [] []
[2020-10-26T18:32:00.194179-03:00] main.DEBUG: Usando la clase PageController metodo index [] []
[2020-10-26T18:32:04.167421-03:00] main.DEBUG: Creando instancia de PAW/Router [] []
[2020-10-26T18:32:04.170744-03:00] main.DEBUG: Rutas creadas [] []
[2020-10-26T18:32:04.170843-03:00] main.DEBUG: Redireccionando a: / [] []
[2020-10-26T18:32:04.170898-03:00] main.DEBUG: Ruta: / [] []
[2020-10-26T18:32:04.171522-03:00] main.DEBUG: Usando la clase PageController metodo index [] []
[2020-10-26T18:32:17.595029-03:00] main.DEBUG: Creando instancia de PAW/Router [] []
[2020-10-26T18:32:17.598872-03:00] main.DEBUG: Rutas creadas [] []
[2020-10-26T18:32:17.598986-03:00] main.DEBUG: Redireccionando a: / [] []
[2020-10-26T18:32:17.599041-03:00] main.DEBUG: Ruta: / [] []
[2020-10-26T18:32:17.599765-03:00] main.DEBUG: Usando la clase PageController metodo index [] []
[2020-10-26T18:32:24.303276-03:00] main.DEBUG: Creando instancia de PAW/Router [] []
[2020-10-26T18:32:24.307312-03:00] main.DEBUG: Rutas creadas [] []
[2020-10-26T18:32:24.307409-03:00] main.DEBUG: Redireccionando a: / [] []
[2020-10-26T18:32:24.307464-03:00] main.DEBUG: Ruta: / [] []
[2020-10-26T18:32:24.308101-03:00] main.DEBUG: Usando la clase PageController metodo index [] []
[2020-10-26T18:32:30.056786-03:00] main.DEBUG: Creando instancia de PAW/Router [] []
[2020-10-26T18:32:30.060251-03:00] main.DEBUG: Rutas creadas [] []
[2020-10-26T18:32:30.060350-03:00] main.DEBUG: Redireccionando a: / [] []
[2020-10-26T18:32:30.060406-03:00] main.DEBUG: Ruta: / [] []
[2020-10-26T18:32:30.061001-03:00] main.DEBUG: Usando la clase PageController metodo index [] []
[2020-10-26T18:33:29.730057-03:00] main.DEBUG: Creando instancia de PAW/Router [] []
[2020-10-26T18:33:29.736826-03:00] main.DEBUG: Rutas creadas [] []
[2020-10-26T18:33:29.736942-03:00] main.DEBUG: Redireccionando a: / [] []
[2020-10-26T18:33:29.736998-03:00] main.DEBUG: Ruta: / [] []
[2020-10-26T18:33:29.738091-03:00] main.DEBUG: Usando la clase PageController metodo index [] []
[2020-10-26T18:33:31.253202-03:00] main.DEBUG: Creando instancia de PAW/Router [] []
[2020-10-26T18:33:31.258619-03:00] main.DEBUG: Rutas creadas [] []
[2020-10-26T18:33:31.258745-03:00] main.DEBUG: Redireccionando a: /Logout.php [] []
[2020-10-26T18:33:31.258811-03:00] main.DEBUG: Ruta: /Logout.php [] []
[2020-10-26T18:33:31.258876-03:00] main.DEBUG: Ruta: /Logout.php no existe [] []
[2020-10-26T18:34:17.571740-03:00] main.DEBUG: Creando instancia de PAW/Router [] []
[2020-10-26T18:34:17.575779-03:00] main.DEBUG: Rutas creadas [] []
[2020-10-26T18:34:17.575964-03:00] main.DEBUG: Redireccionando a: /index.php [] []
[2020-10-26T18:34:17.576034-03:00] main.DEBUG: Ruta: /index.php [] []
[2020-10-26T18:34:17.576088-03:00] main.DEBUG: Ruta: /index.php no existe [] []
[2020-10-26T18:34:19.159912-03:00] main.DEBUG: Creando instancia de PAW/Router [] []
[2020-10-26T18:34:19.163434-03:00] main.DEBUG: Rutas creadas [] []
[2020-10-26T18:34:19.163537-03:00] main.DEBUG: Redireccionando a: /index.php [] []
[2020-10-26T18:34:19.163593-03:00] main.DEBUG: Ruta: /index.php [] []
[2020-10-26T18:34:19.163648-03:00] main.DEBUG: Ruta: /index.php no existe [] []
[2020-10-26T18:34:19.793847-03:00] main.DEBUG: Creando instancia de PAW/Router [] []
[2020-10-26T18:34:19.797697-03:00] main.DEBUG: Rutas creadas [] []
[2020-10-26T18:34:19.797796-03:00] main.DEBUG: Redireccionando a: /index.php [] []
[2020-10-26T18:34:19.797851-03:00] main.DEBUG: Ruta: /index.php [] []
[2020-10-26T18:34:19.797905-03:00] main.DEBUG: Ruta: /index.php no existe [] []
[2020-10-26T18:34:20.276703-03:00] main.DEBUG: Creando instancia de PAW/Router [] []
[2020-10-26T18:34:20.284120-03:00] main.DEBUG: Rutas creadas [] []
[2020-10-26T18:34:20.284312-03:00] main.DEBUG: Redireccionando a: /index.php [] []
[2020-10-26T18:34:20.284552-03:00] main.DEBUG: Ruta: /index.php [] []
[2020-10-26T18:34:20.284637-03:00] main.DEBUG: Ruta: /index.php no existe [] []
[2020-10-26T18:34:20.678957-03:00] main.DEBUG: Creando instancia de PAW/Router [] []
[2020-10-26T18:34:20.683276-03:00] main.DEBUG: Rutas creadas [] []
[2020-10-26T18:34:20.683374-03:00] main.DEBUG: Redireccionando a: /index.php [] []
[2020-10-26T18:34:20.683434-03:00] main.DEBUG: Ruta: /index.php [] []
[2020-10-26T18:34:20.683489-03:00] main.DEBUG: Ruta: /index.php no existe [] []
[2020-10-26T18:34:20.977909-03:00] main.DEBUG: Creando instancia de PAW/Router [] []
[2020-10-26T18:34:20.983220-03:00] main.DEBUG: Rutas creadas [] []
[2020-10-26T18:34:20.983326-03:00] main.DEBUG: Redireccionando a: /index.php [] []
[2020-10-26T18:34:20.983387-03:00] main.DEBUG: Ruta: /index.php [] []
[2020-10-26T18:34:20.983445-03:00] main.DEBUG: Ruta: /index.php no existe [] []
[2020-10-26T18:34:21.182995-03:00] main.DEBUG: Creando instancia de PAW/Router [] []
[2020-10-26T18:34:21.189407-03:00] main.DEBUG: Rutas creadas [] []
[2020-10-26T18:34:21.191165-03:00] main.DEBUG: Redireccionando a: /index.php [] []
[2020-10-26T18:34:21.191243-03:00] main.DEBUG: Ruta: /index.php [] []
[2020-10-26T18:34:21.191532-03:00] main.DEBUG: Ruta: /index.php no existe [] []
[2020-10-26T18:34:25.790880-03:00] main.DEBUG: Creando instancia de PAW/Router [] []
[2020-10-26T18:34:25.797877-03:00] main.DEBUG: Rutas creadas [] []
[2020-10-26T18:34:25.797976-03:00] main.DEBUG: Redireccionando a: /index.php [] []
[2020-10-26T18:34:25.798032-03:00] main.DEBUG: Ruta: /index.php [] []
[2020-10-26T18:34:25.798087-03:00] main.DEBUG: Ruta: /index.php no existe [] []
[2020-10-26T18:34:27.453154-03:00] main.DEBUG: Creando instancia de PAW/Router [] []
[2020-10-26T18:34:27.458624-03:00] main.DEBUG: Rutas creadas [] []
[2020-10-26T18:34:27.458776-03:00] main.DEBUG: Redireccionando a: / [] []
[2020-10-26T18:34:27.458872-03:00] main.DEBUG: Ruta: / [] []
[2020-10-26T18:34:27.459766-03:00] main.DEBUG: Usando la clase PageController metodo index [] []
[2020-10-26T18:34:27.722394-03:00] main.DEBUG: Creando instancia de PAW/Router [] []
[2020-10-26T18:34:27.727085-03:00] main.DEBUG: Rutas creadas [] []
[2020-10-26T18:34:27.727206-03:00] main.DEBUG: Redireccionando a: / [] []
[2020-10-26T18:34:27.727270-03:00] main.DEBUG: Ruta: / [] []
[2020-10-26T18:34:27.728116-03:00] main.DEBUG: Usando la clase PageController metodo index [] []
[2020-10-26T18:34:45.340815-03:00] main.DEBUG: Creando instancia de PAW/Router [] []
[2020-10-26T18:34:45.346373-03:00] main.DEBUG: Rutas creadas [] []
[2020-10-26T18:34:45.346476-03:00] main.DEBUG: Redireccionando a: / [] []
[2020-10-26T18:34:45.346532-03:00] main.DEBUG: Ruta: / [] []
[2020-10-26T18:34:45.347270-03:00] main.DEBUG: Usando la clase PageController metodo index [] []
[2020-10-26T18:34:57.697145-03:00] main.DEBUG: Creando instancia de PAW/Router [] []
[2020-10-26T18:34:57.700596-03:00] main.DEBUG: Rutas creadas [] []
[2020-10-26T18:34:57.700697-03:00] main.DEBUG: Redireccionando a: / [] []
[2020-10-26T18:34:57.700752-03:00] main.DEBUG: Ruta: / [] []
[2020-10-26T18:34:57.702966-03:00] main.DEBUG: Usando la clase PageController metodo index [] []
[2020-10-26T18:35:02.954339-03:00] main.DEBUG: Creando instancia de PAW/Router [] []
[2020-10-26T18:35:02.958438-03:00] main.DEBUG: Rutas creadas [] []
[2020-10-26T18:35:02.958534-03:00] main.DEBUG: Redireccionando a: / [] []
[2020-10-26T18:35:02.958590-03:00] main.DEBUG: Ruta: / [] []
[2020-10-26T18:35:02.959212-03:00] main.DEBUG: Usando la clase PageController metodo index [] []
[2020-10-26T18:35:07.061986-03:00] main.DEBUG: Creando instancia de PAW/Router [] []
[2020-10-26T18:35:07.068912-03:00] main.DEBUG: Rutas creadas [] []
[2020-10-26T18:35:07.069023-03:00] main.DEBUG: Redireccionando a: / [] []
[2020-10-26T18:35:07.069077-03:00] main.DEBUG: Ruta: / [] []
[2020-10-26T18:35:07.069759-03:00] main.DEBUG: Usando la clase PageController metodo index [] []
[2020-10-26T18:44:18.827362-03:00] main.DEBUG: Creando instancia de PAW/Router [] []
[2020-10-26T18:44:18.832474-03:00] main.DEBUG: Rutas creadas [] []
[2020-10-26T18:44:18.832587-03:00] main.DEBUG: Redireccionando a: / [] []
[2020-10-26T18:44:18.832642-03:00] main.DEBUG: Ruta: / [] []
[2020-10-26T18:44:18.833659-03:00] main.DEBUG: Usando la clase PageController metodo index [] []
[2020-10-26T18:47:18.906418-03:00] main.DEBUG: Creando instancia de PAW/Router [] []
[2020-10-26T18:47:18.914503-03:00] main.DEBUG: Rutas creadas [] []
[2020-10-26T18:47:18.914613-03:00] main.DEBUG: Redireccionando a: / [] []
[2020-10-26T18:47:18.914669-03:00] main.DEBUG: Ruta: / [] []
[2020-10-26T18:47:18.915741-03:00] main.DEBUG: Usando la clase PageController metodo index [] []
[2020-10-26T18:47:23.825612-03:00] main.DEBUG: Creando instancia de PAW/Router [] []
[2020-10-26T18:47:23.829211-03:00] main.DEBUG: Rutas creadas [] []
[2020-10-26T18:47:23.829338-03:00] main.DEBUG: Redireccionando a: / [] []
[2020-10-26T18:47:23.829394-03:00] main.DEBUG: Ruta: / [] []
[2020-10-26T18:47:23.830095-03:00] main.DEBUG: Usando la clase PageController metodo index [] []
[2020-10-26T18:47:58.318505-03:00] main.DEBUG: Creando instancia de PAW/Router [] []
[2020-10-26T18:47:58.325616-03:00] main.DEBUG: Rutas creadas [] []
[2020-10-26T18:47:58.325730-03:00] main.DEBUG: Redireccionando a: / [] []
[2020-10-26T18:47:58.325784-03:00] main.DEBUG: Ruta: / [] []
[2020-10-26T18:47:58.326535-03:00] main.DEBUG: Usando la clase PageController metodo index [] []
[2020-10-26T18:48:20.156740-03:00] main.DEBUG: Creando instancia de PAW/Router [] []
[2020-10-26T18:48:20.160426-03:00] main.DEBUG: Rutas creadas [] []
[2020-10-26T18:48:20.160527-03:00] main.DEBUG: Redireccionando a: / [] []
[2020-10-26T18:48:20.160582-03:00] main.DEBUG: Ruta: / [] []
[2020-10-26T18:48:20.161194-03:00] main.DEBUG: Usando la clase PageController metodo index [] []
[2020-10-26T18:48:24.877318-03:00] main.DEBUG: Creando instancia de PAW/Router [] []
[2020-10-26T18:48:24.880997-03:00] main.DEBUG: Rutas creadas [] []
[2020-10-26T18:48:24.881091-03:00] main.DEBUG: Redireccionando a: / [] []
[2020-10-26T18:48:24.881145-03:00] main.DEBUG: Ruta: / [] []
[2020-10-26T18:48:24.881757-03:00] main.DEBUG: Usando la clase PageController metodo index [] []
