[2020-10-29T20:38:50.599217-03:00] main.DEBUG: Creando instancia de PAW/Router [] []
[2020-10-29T20:38:50.607730-03:00] main.DEBUG: Rutas creadas [] []
[2020-10-29T20:38:50.607901-03:00] main.DEBUG: Redireccionando a: / [] []
[2020-10-29T20:38:50.608000-03:00] main.DEBUG: Ruta: / [] []
[2020-10-29T20:38:50.609765-03:00] main.DEBUG: Usando la clase PageController metodo index [] []
[2020-10-29T20:47:23.493281-03:00] main.DEBUG: Creando instancia de PAW/Router [] []
[2020-10-29T20:47:23.504174-03:00] main.DEBUG: Rutas creadas [] []
[2020-10-29T20:47:23.504317-03:00] main.DEBUG: Redireccionando a: / [] []
[2020-10-29T20:47:23.504396-03:00] main.DEBUG: Ruta: / [] []
[2020-10-29T20:47:23.506270-03:00] main.DEBUG: Usando la clase PageController metodo index [] []
[2020-10-29T20:47:24.539284-03:00] main.DEBUG: Creando instancia de PAW/Router [] []
[2020-10-29T20:47:24.542734-03:00] main.DEBUG: Rutas creadas [] []
[2020-10-29T20:47:24.542838-03:00] main.DEBUG: Redireccionando a: / [] []
[2020-10-29T20:47:24.542893-03:00] main.DEBUG: Ruta: / [] []
[2020-10-29T20:47:24.543589-03:00] main.DEBUG: Usando la clase PageController metodo index [] []
[2020-10-29T20:47:25.640602-03:00] main.DEBUG: Creando instancia de PAW/Router [] []
[2020-10-29T20:47:25.647365-03:00] main.DEBUG: Rutas creadas [] []
[2020-10-29T20:47:25.647480-03:00] main.DEBUG: Redireccionando a: / [] []
[2020-10-29T20:47:25.647540-03:00] main.DEBUG: Ruta: / [] []
[2020-10-29T20:47:25.648307-03:00] main.DEBUG: Usando la clase PageController metodo index [] []
[2020-10-29T20:51:18.328064-03:00] main.DEBUG: Creando instancia de PAW/Router [] []
[2020-10-29T20:51:18.337412-03:00] main.DEBUG: Rutas creadas [] []
[2020-10-29T20:51:18.337645-03:00] main.DEBUG: Redireccionando a: / [] []
[2020-10-29T20:51:18.337781-03:00] main.DEBUG: Ruta: / [] []
[2020-10-29T20:51:18.339270-03:00] main.DEBUG: Usando la clase PageController metodo index [] []
[2020-10-29T20:51:38.627152-03:00] main.DEBUG: Creando instancia de PAW/Router [] []
[2020-10-29T20:51:38.630458-03:00] main.DEBUG: Rutas creadas [] []
[2020-10-29T20:51:38.630553-03:00] main.DEBUG: Redireccionando a: / [] []
[2020-10-29T20:51:38.630608-03:00] main.DEBUG: Ruta: / [] []
[2020-10-29T20:51:38.631280-03:00] main.DEBUG: Usando la clase PageController metodo index [] []
[2020-10-29T20:59:26.445436-03:00] main.DEBUG: Creando instancia de PAW/Router [] []
[2020-10-29T20:59:26.456423-03:00] main.DEBUG: Rutas creadas [] []
[2020-10-29T20:59:26.456522-03:00] main.DEBUG: Redireccionando a: / [] []
[2020-10-29T20:59:26.456577-03:00] main.DEBUG: Ruta: / [] []
[2020-10-29T20:59:26.458538-03:00] main.DEBUG: Usando la clase PageController metodo index [] []
[2020-10-29T20:59:27.429781-03:00] main.DEBUG: Creando instancia de PAW/Router [] []
[2020-10-29T20:59:27.434955-03:00] main.DEBUG: Rutas creadas [] []
[2020-10-29T20:59:27.435290-03:00] main.DEBUG: Redireccionando a: / [] []
[2020-10-29T20:59:27.435397-03:00] main.DEBUG: Ruta: / [] []
[2020-10-29T20:59:27.436296-03:00] main.DEBUG: Usando la clase PageController metodo index [] []
[2020-10-29T20:59:28.385734-03:00] main.DEBUG: Creando instancia de PAW/Router [] []
[2020-10-29T20:59:28.392256-03:00] main.DEBUG: Rutas creadas [] []
[2020-10-29T20:59:28.392351-03:00] main.DEBUG: Redireccionando a: / [] []
[2020-10-29T20:59:28.392405-03:00] main.DEBUG: Ruta: / [] []
[2020-10-29T20:59:28.393054-03:00] main.DEBUG: Usando la clase PageController metodo index [] []
[2020-10-29T21:10:18.759865-03:00] main.DEBUG: Creando instancia de PAW/Router [] []
[2020-10-29T21:10:18.782482-03:00] main.DEBUG: Rutas creadas [] []
[2020-10-29T21:10:18.782608-03:00] main.DEBUG: Redireccionando a: / [] []
[2020-10-29T21:10:18.782673-03:00] main.DEBUG: Ruta: / [] []
[2020-10-29T21:10:18.788777-03:00] main.DEBUG: Usando la clase PageController metodo index [] []
[2020-10-29T21:10:20.278394-03:00] main.DEBUG: Creando instancia de PAW/Router [] []
[2020-10-29T21:10:20.281860-03:00] main.DEBUG: Rutas creadas [] []
[2020-10-29T21:10:20.281954-03:00] main.DEBUG: Redireccionando a: / [] []
[2020-10-29T21:10:20.282008-03:00] main.DEBUG: Ruta: / [] []
[2020-10-29T21:10:20.282768-03:00] main.DEBUG: Usando la clase PageController metodo index [] []
[2020-10-29T21:10:25.479782-03:00] main.DEBUG: Creando instancia de PAW/Router [] []
[2020-10-29T21:10:25.483063-03:00] main.DEBUG: Rutas creadas [] []
[2020-10-29T21:10:25.483166-03:00] main.DEBUG: Redireccionando a: / [] []
[2020-10-29T21:10:25.483220-03:00] main.DEBUG: Ruta: / [] []
[2020-10-29T21:10:25.483894-03:00] main.DEBUG: Usando la clase PageController metodo index [] []
[2020-10-29T21:11:30.479361-03:00] main.DEBUG: Creando instancia de PAW/Router [] []
[2020-10-29T21:11:30.484061-03:00] main.DEBUG: Rutas creadas [] []
[2020-10-29T21:11:30.484164-03:00] main.DEBUG: Redireccionando a: / [] []
[2020-10-29T21:11:30.484218-03:00] main.DEBUG: Ruta: / [] []
[2020-10-29T21:11:30.485005-03:00] main.DEBUG: Usando la clase PageController metodo index [] []
[2020-10-29T21:12:11.115484-03:00] main.DEBUG: Creando instancia de PAW/Router [] []
[2020-10-29T21:12:11.118934-03:00] main.DEBUG: Rutas creadas [] []
[2020-10-29T21:12:11.119029-03:00] main.DEBUG: Redireccionando a: / [] []
[2020-10-29T21:12:11.119084-03:00] main.DEBUG: Ruta: / [] []
[2020-10-29T21:12:11.119768-03:00] main.DEBUG: Usando la clase PageController metodo index [] []
[2020-10-29T21:12:12.181694-03:00] main.DEBUG: Creando instancia de PAW/Router [] []
[2020-10-29T21:12:12.187024-03:00] main.DEBUG: Rutas creadas [] []
[2020-10-29T21:12:12.187122-03:00] main.DEBUG: Redireccionando a: / [] []
[2020-10-29T21:12:12.187176-03:00] main.DEBUG: Ruta: / [] []
[2020-10-29T21:12:12.187882-03:00] main.DEBUG: Usando la clase PageController metodo index [] []
[2020-10-29T21:12:13.065076-03:00] main.DEBUG: Creando instancia de PAW/Router [] []
[2020-10-29T21:12:13.069121-03:00] main.DEBUG: Rutas creadas [] []
[2020-10-29T21:12:13.069285-03:00] main.DEBUG: Redireccionando a: / [] []
[2020-10-29T21:12:13.069345-03:00] main.DEBUG: Ruta: / [] []
[2020-10-29T21:12:13.070343-03:00] main.DEBUG: Usando la clase PageController metodo index [] []
[2020-10-29T21:12:13.549004-03:00] main.DEBUG: Creando instancia de PAW/Router [] []
[2020-10-29T21:12:13.552823-03:00] main.DEBUG: Rutas creadas [] []
[2020-10-29T21:12:13.552916-03:00] main.DEBUG: Redireccionando a: / [] []
[2020-10-29T21:12:13.552970-03:00] main.DEBUG: Ruta: / [] []
[2020-10-29T21:12:13.555994-03:00] main.DEBUG: Usando la clase PageController metodo index [] []
[2020-10-29T21:12:13.836099-03:00] main.DEBUG: Creando instancia de PAW/Router [] []
[2020-10-29T21:12:13.843524-03:00] main.DEBUG: Rutas creadas [] []
[2020-10-29T21:12:13.843622-03:00] main.DEBUG: Redireccionando a: / [] []
[2020-10-29T21:12:13.843677-03:00] main.DEBUG: Ruta: / [] []
[2020-10-29T21:12:13.844309-03:00] main.DEBUG: Usando la clase PageController metodo index [] []
[2020-10-29T21:12:14.130837-03:00] main.DEBUG: Creando instancia de PAW/Router [] []
[2020-10-29T21:12:14.134685-03:00] main.DEBUG: Rutas creadas [] []
[2020-10-29T21:12:14.135245-03:00] main.DEBUG: Redireccionando a: / [] []
[2020-10-29T21:12:14.135354-03:00] main.DEBUG: Ruta: / [] []
[2020-10-29T21:12:14.136752-03:00] main.DEBUG: Usando la clase PageController metodo index [] []
[2020-10-29T21:12:14.325977-03:00] main.DEBUG: Creando instancia de PAW/Router [] []
[2020-10-29T21:12:14.330098-03:00] main.DEBUG: Rutas creadas [] []
[2020-10-29T21:12:14.330217-03:00] main.DEBUG: Redireccionando a: / [] []
[2020-10-29T21:12:14.330278-03:00] main.DEBUG: Ruta: / [] []
[2020-10-29T21:12:14.331189-03:00] main.DEBUG: Usando la clase PageController metodo index [] []
[2020-10-29T21:12:14.524985-03:00] main.DEBUG: Creando instancia de PAW/Router [] []
[2020-10-29T21:12:14.529443-03:00] main.DEBUG: Rutas creadas [] []
[2020-10-29T21:12:14.529547-03:00] main.DEBUG: Redireccionando a: / [] []
[2020-10-29T21:12:14.529606-03:00] main.DEBUG: Ruta: / [] []
[2020-10-29T21:12:14.530240-03:00] main.DEBUG: Usando la clase PageController metodo index [] []
[2020-10-29T21:12:14.718797-03:00] main.DEBUG: Creando instancia de PAW/Router [] []
[2020-10-29T21:12:14.722410-03:00] main.DEBUG: Rutas creadas [] []
[2020-10-29T21:12:14.722793-03:00] main.DEBUG: Redireccionando a: / [] []
[2020-10-29T21:12:14.723406-03:00] main.DEBUG: Ruta: / [] []
[2020-10-29T21:12:14.727302-03:00] main.DEBUG: Usando la clase PageController metodo index [] []
[2020-10-29T21:12:14.917731-03:00] main.DEBUG: Creando instancia de PAW/Router [] []
[2020-10-29T21:12:14.921927-03:00] main.DEBUG: Rutas creadas [] []
[2020-10-29T21:12:14.922043-03:00] main.DEBUG: Redireccionando a: / [] []
[2020-10-29T21:12:14.922109-03:00] main.DEBUG: Ruta: / [] []
[2020-10-29T21:12:14.922928-03:00] main.DEBUG: Usando la clase PageController metodo index [] []
[2020-10-29T21:12:15.179050-03:00] main.DEBUG: Creando instancia de PAW/Router [] []
[2020-10-29T21:12:15.183901-03:00] main.DEBUG: Rutas creadas [] []
[2020-10-29T21:12:15.184033-03:00] main.DEBUG: Redireccionando a: / [] []
[2020-10-29T21:12:15.184103-03:00] main.DEBUG: Ruta: / [] []
[2020-10-29T21:12:15.184958-03:00] main.DEBUG: Usando la clase PageController metodo index [] []
[2020-10-29T21:12:15.835944-03:00] main.DEBUG: Creando instancia de PAW/Router [] []
[2020-10-29T21:12:15.839041-03:00] main.DEBUG: Rutas creadas [] []
[2020-10-29T21:12:15.839139-03:00] main.DEBUG: Redireccionando a: / [] []
[2020-10-29T21:12:15.839197-03:00] main.DEBUG: Ruta: / [] []
[2020-10-29T21:12:15.839827-03:00] main.DEBUG: Usando la clase PageController metodo index [] []
[2020-10-29T21:12:16.596868-03:00] main.DEBUG: Creando instancia de PAW/Router [] []
[2020-10-29T21:12:16.602190-03:00] main.DEBUG: Rutas creadas [] []
[2020-10-29T21:12:16.602293-03:00] main.DEBUG: Redireccionando a: / [] []
[2020-10-29T21:12:16.602348-03:00] main.DEBUG: Ruta: / [] []
[2020-10-29T21:12:16.602973-03:00] main.DEBUG: Usando la clase PageController metodo index [] []
[2020-10-29T21:12:16.911084-03:00] main.DEBUG: Creando instancia de PAW/Router [] []
[2020-10-29T21:12:16.914214-03:00] main.DEBUG: Rutas creadas [] []
[2020-10-29T21:12:16.914316-03:00] main.DEBUG: Redireccionando a: / [] []
[2020-10-29T21:12:16.914370-03:00] main.DEBUG: Ruta: / [] []
[2020-10-29T21:12:16.915731-03:00] main.DEBUG: Usando la clase PageController metodo index [] []
[2020-10-29T21:12:17.192159-03:00] main.DEBUG: Creando instancia de PAW/Router [] []
[2020-10-29T21:12:17.195258-03:00] main.DEBUG: Rutas creadas [] []
[2020-10-29T21:12:17.195352-03:00] main.DEBUG: Redireccionando a: / [] []
[2020-10-29T21:12:17.195405-03:00] main.DEBUG: Ruta: / [] []
[2020-10-29T21:12:17.196017-03:00] main.DEBUG: Usando la clase PageController metodo index [] []
[2020-10-29T21:12:17.482953-03:00] main.DEBUG: Creando instancia de PAW/Router [] []
[2020-10-29T21:12:17.490041-03:00] main.DEBUG: Rutas creadas [] []
[2020-10-29T21:12:17.490135-03:00] main.DEBUG: Redireccionando a: / [] []
[2020-10-29T21:12:17.490190-03:00] main.DEBUG: Ruta: / [] []
[2020-10-29T21:12:17.491063-03:00] main.DEBUG: Usando la clase PageController metodo index [] []
[2020-10-29T21:12:40.276425-03:00] main.DEBUG: Creando instancia de PAW/Router [] []
[2020-10-29T21:12:40.285254-03:00] main.DEBUG: Rutas creadas [] []
[2020-10-29T21:12:40.285369-03:00] main.DEBUG: Redireccionando a: / [] []
[2020-10-29T21:12:40.285425-03:00] main.DEBUG: Ruta: / [] []
[2020-10-29T21:12:40.286602-03:00] main.DEBUG: Usando la clase PageController metodo index [] []
[2020-10-29T21:12:42.174571-03:00] main.DEBUG: Creando instancia de PAW/Router [] []
[2020-10-29T21:12:42.178219-03:00] main.DEBUG: Rutas creadas [] []
[2020-10-29T21:12:42.178315-03:00] main.DEBUG: Redireccionando a: / [] []
[2020-10-29T21:12:42.178370-03:00] main.DEBUG: Ruta: / [] []
[2020-10-29T21:12:42.179014-03:00] main.DEBUG: Usando la clase PageController metodo index [] []
[2020-10-29T21:12:43.136957-03:00] main.DEBUG: Creando instancia de PAW/Router [] []
[2020-10-29T21:12:43.140190-03:00] main.DEBUG: Rutas creadas [] []
[2020-10-29T21:12:43.140286-03:00] main.DEBUG: Redireccionando a: / [] []
[2020-10-29T21:12:43.142022-03:00] main.DEBUG: Ruta: / [] []
[2020-10-29T21:12:43.144582-03:00] main.DEBUG: Usando la clase PageController metodo index [] []
[2020-10-29T21:12:43.782849-03:00] main.DEBUG: Creando instancia de PAW/Router [] []
[2020-10-29T21:12:43.786083-03:00] main.DEBUG: Rutas creadas [] []
[2020-10-29T21:12:43.786188-03:00] main.DEBUG: Redireccionando a: / [] []
[2020-10-29T21:12:43.786242-03:00] main.DEBUG: Ruta: / [] []
[2020-10-29T21:12:43.786877-03:00] main.DEBUG: Usando la clase PageController metodo index [] []
[2020-10-29T21:12:45.209179-03:00] main.DEBUG: Creando instancia de PAW/Router [] []
[2020-10-29T21:12:45.212710-03:00] main.DEBUG: Rutas creadas [] []
[2020-10-29T21:12:45.212808-03:00] main.DEBUG: Redireccionando a: / [] []
[2020-10-29T21:12:45.212863-03:00] main.DEBUG: Ruta: / [] []
[2020-10-29T21:12:45.213505-03:00] main.DEBUG: Usando la clase PageController metodo index [] []
[2020-10-29T21:13:27.206407-03:00] main.DEBUG: Creando instancia de PAW/Router [] []
[2020-10-29T21:13:27.209703-03:00] main.DEBUG: Rutas creadas [] []
[2020-10-29T21:13:27.209803-03:00] main.DEBUG: Redireccionando a: / [] []
[2020-10-29T21:13:27.209858-03:00] main.DEBUG: Ruta: / [] []
[2020-10-29T21:13:27.210528-03:00] main.DEBUG: Usando la clase PageController metodo index [] []
[2020-10-29T21:13:28.208389-03:00] main.DEBUG: Creando instancia de PAW/Router [] []
[2020-10-29T21:13:28.213054-03:00] main.DEBUG: Rutas creadas [] []
[2020-10-29T21:13:28.213151-03:00] main.DEBUG: Redireccionando a: / [] []
[2020-10-29T21:13:28.213205-03:00] main.DEBUG: Ruta: / [] []
[2020-10-29T21:13:28.215119-03:00] main.DEBUG: Usando la clase PageController metodo index [] []
[2020-10-29T21:13:28.765404-03:00] main.DEBUG: Creando instancia de PAW/Router [] []
[2020-10-29T21:13:28.770446-03:00] main.DEBUG: Rutas creadas [] []
[2020-10-29T21:13:28.770540-03:00] main.DEBUG: Redireccionando a: / [] []
[2020-10-29T21:13:28.770593-03:00] main.DEBUG: Ruta: / [] []
[2020-10-29T21:13:28.771238-03:00] main.DEBUG: Usando la clase PageController metodo index [] []
[2020-10-29T21:13:28.973397-03:00] main.DEBUG: Creando instancia de PAW/Router [] []
[2020-10-29T21:13:28.977504-03:00] main.DEBUG: Rutas creadas [] []
[2020-10-29T21:13:28.977615-03:00] main.DEBUG: Redireccionando a: / [] []
[2020-10-29T21:13:28.977673-03:00] main.DEBUG: Ruta: / [] []
[2020-10-29T21:13:28.978606-03:00] main.DEBUG: Usando la clase PageController metodo index [] []
[2020-10-29T21:13:29.234676-03:00] main.DEBUG: Creando instancia de PAW/Router [] []
[2020-10-29T21:13:29.241288-03:00] main.DEBUG: Rutas creadas [] []
[2020-10-29T21:13:29.241408-03:00] main.DEBUG: Redireccionando a: / [] []
[2020-10-29T21:13:29.241472-03:00] main.DEBUG: Ruta: / [] []
[2020-10-29T21:13:29.242343-03:00] main.DEBUG: Usando la clase PageController metodo index [] []
[2020-10-29T21:13:29.427308-03:00] main.DEBUG: Creando instancia de PAW/Router [] []
[2020-10-29T21:13:29.433184-03:00] main.DEBUG: Rutas creadas [] []
[2020-10-29T21:13:29.433299-03:00] main.DEBUG: Redireccionando a: / [] []
[2020-10-29T21:13:29.433362-03:00] main.DEBUG: Ruta: / [] []
[2020-10-29T21:13:29.434132-03:00] main.DEBUG: Usando la clase PageController metodo index [] []
[2020-10-29T21:13:29.869743-03:00] main.DEBUG: Creando instancia de PAW/Router [] []
[2020-10-29T21:13:29.875222-03:00] main.DEBUG: Rutas creadas [] []
[2020-10-29T21:13:29.875321-03:00] main.DEBUG: Redireccionando a: / [] []
[2020-10-29T21:13:29.875374-03:00] main.DEBUG: Ruta: / [] []
[2020-10-29T21:13:29.876007-03:00] main.DEBUG: Usando la clase PageController metodo index [] []
[2020-10-29T21:13:30.096166-03:00] main.DEBUG: Creando instancia de PAW/Router [] []
[2020-10-29T21:13:30.100562-03:00] main.DEBUG: Rutas creadas [] []
[2020-10-29T21:13:30.100686-03:00] main.DEBUG: Redireccionando a: / [] []
[2020-10-29T21:13:30.100747-03:00] main.DEBUG: Ruta: / [] []
[2020-10-29T21:13:30.101602-03:00] main.DEBUG: Usando la clase PageController metodo index [] []
[2020-10-29T21:13:30.346350-03:00] main.DEBUG: Creando instancia de PAW/Router [] []
[2020-10-29T21:13:30.350725-03:00] main.DEBUG: Rutas creadas [] []
[2020-10-29T21:13:30.350840-03:00] main.DEBUG: Redireccionando a: / [] []
[2020-10-29T21:13:30.350899-03:00] main.DEBUG: Ruta: / [] []
[2020-10-29T21:13:30.351830-03:00] main.DEBUG: Usando la clase PageController metodo index [] []
[2020-10-29T21:13:30.572474-03:00] main.DEBUG: Creando instancia de PAW/Router [] []
[2020-10-29T21:13:30.580406-03:00] main.DEBUG: Rutas creadas [] []
[2020-10-29T21:13:30.580502-03:00] main.DEBUG: Redireccionando a: / [] []
[2020-10-29T21:13:30.580557-03:00] main.DEBUG: Ruta: / [] []
[2020-10-29T21:13:30.581236-03:00] main.DEBUG: Usando la clase PageController metodo index [] []
[2020-10-29T21:13:30.815748-03:00] main.DEBUG: Creando instancia de PAW/Router [] []
[2020-10-29T21:13:30.823018-03:00] main.DEBUG: Rutas creadas [] []
[2020-10-29T21:13:30.823150-03:00] main.DEBUG: Redireccionando a: / [] []
[2020-10-29T21:13:30.823211-03:00] main.DEBUG: Ruta: / [] []
[2020-10-29T21:13:30.824206-03:00] main.DEBUG: Usando la clase PageController metodo index [] []
[2020-10-29T21:13:31.002785-03:00] main.DEBUG: Creando instancia de PAW/Router [] []
[2020-10-29T21:13:31.006712-03:00] main.DEBUG: Rutas creadas [] []
[2020-10-29T21:13:31.006821-03:00] main.DEBUG: Redireccionando a: / [] []
[2020-10-29T21:13:31.006881-03:00] main.DEBUG: Ruta: / [] []
[2020-10-29T21:13:31.007656-03:00] main.DEBUG: Usando la clase PageController metodo index [] []
[2020-10-29T21:13:31.253600-03:00] main.DEBUG: Creando instancia de PAW/Router [] []
[2020-10-29T21:13:31.262534-03:00] main.DEBUG: Rutas creadas [] []
[2020-10-29T21:13:31.262643-03:00] main.DEBUG: Redireccionando a: / [] []
[2020-10-29T21:13:31.262704-03:00] main.DEBUG: Ruta: / [] []
[2020-10-29T21:13:31.263471-03:00] main.DEBUG: Usando la clase PageController metodo index [] []
[2020-10-29T21:13:31.530537-03:00] main.DEBUG: Creando instancia de PAW/Router [] []
[2020-10-29T21:13:31.535253-03:00] main.DEBUG: Rutas creadas [] []
[2020-10-29T21:13:31.535379-03:00] main.DEBUG: Redireccionando a: / [] []
[2020-10-29T21:13:31.535449-03:00] main.DEBUG: Ruta: / [] []
[2020-10-29T21:13:31.536292-03:00] main.DEBUG: Usando la clase PageController metodo index [] []
[2020-10-29T21:13:50.807324-03:00] main.DEBUG: Creando instancia de PAW/Router [] []
[2020-10-29T21:13:50.810979-03:00] main.DEBUG: Rutas creadas [] []
[2020-10-29T21:13:50.812771-03:00] main.DEBUG: Redireccionando a: / [] []
[2020-10-29T21:13:50.812902-03:00] main.DEBUG: Ruta: / [] []
[2020-10-29T21:13:50.815566-03:00] main.DEBUG: Usando la clase PageController metodo index [] []
[2020-10-29T21:13:51.907749-03:00] main.DEBUG: Creando instancia de PAW/Router [] []
[2020-10-29T21:13:51.910973-03:00] main.DEBUG: Rutas creadas [] []
[2020-10-29T21:13:51.911070-03:00] main.DEBUG: Redireccionando a: / [] []
[2020-10-29T21:13:51.911125-03:00] main.DEBUG: Ruta: / [] []
[2020-10-29T21:13:51.911755-03:00] main.DEBUG: Usando la clase PageController metodo index [] []
[2020-10-29T21:14:09.964915-03:00] main.DEBUG: Creando instancia de PAW/Router [] []
[2020-10-29T21:14:09.968209-03:00] main.DEBUG: Rutas creadas [] []
[2020-10-29T21:14:09.968303-03:00] main.DEBUG: Redireccionando a: / [] []
[2020-10-29T21:14:09.968358-03:00] main.DEBUG: Ruta: / [] []
[2020-10-29T21:14:09.969150-03:00] main.DEBUG: Usando la clase PageController metodo index [] []
[2020-10-29T21:14:12.309571-03:00] main.DEBUG: Creando instancia de PAW/Router [] []
[2020-10-29T21:14:12.312688-03:00] main.DEBUG: Rutas creadas [] []
[2020-10-29T21:14:12.312785-03:00] main.DEBUG: Redireccionando a: / [] []
[2020-10-29T21:14:12.312839-03:00] main.DEBUG: Ruta: / [] []
[2020-10-29T21:14:12.313467-03:00] main.DEBUG: Usando la clase PageController metodo index [] []
[2020-10-29T21:14:13.367111-03:00] main.DEBUG: Creando instancia de PAW/Router [] []
[2020-10-29T21:14:13.370431-03:00] main.DEBUG: Rutas creadas [] []
[2020-10-29T21:14:13.370528-03:00] main.DEBUG: Redireccionando a: / [] []
[2020-10-29T21:14:13.370582-03:00] main.DEBUG: Ruta: / [] []
[2020-10-29T21:14:13.371215-03:00] main.DEBUG: Usando la clase PageController metodo index [] []
[2020-10-29T21:14:53.953443-03:00] main.DEBUG: Creando instancia de PAW/Router [] []
[2020-10-29T21:14:53.958494-03:00] main.DEBUG: Rutas creadas [] []
[2020-10-29T21:14:53.958781-03:00] main.DEBUG: Redireccionando a: / [] []
[2020-10-29T21:14:53.958882-03:00] main.DEBUG: Ruta: / [] []
[2020-10-29T21:14:53.960598-03:00] main.DEBUG: Usando la clase PageController metodo index [] []
[2020-10-29T21:14:55.014567-03:00] main.DEBUG: Creando instancia de PAW/Router [] []
[2020-10-29T21:14:55.018029-03:00] main.DEBUG: Rutas creadas [] []
[2020-10-29T21:14:55.018127-03:00] main.DEBUG: Redireccionando a: / [] []
[2020-10-29T21:14:55.018182-03:00] main.DEBUG: Ruta: / [] []
[2020-10-29T21:14:55.021456-03:00] main.DEBUG: Usando la clase PageController metodo index [] []
[2020-10-29T21:14:55.765047-03:00] main.DEBUG: Creando instancia de PAW/Router [] []
[2020-10-29T21:14:55.768331-03:00] main.DEBUG: Rutas creadas [] []
[2020-10-29T21:14:55.768433-03:00] main.DEBUG: Redireccionando a: / [] []
[2020-10-29T21:14:55.768487-03:00] main.DEBUG: Ruta: / [] []
[2020-10-29T21:14:55.769182-03:00] main.DEBUG: Usando la clase PageController metodo index [] []
[2020-10-29T21:17:08.324973-03:00] main.DEBUG: Creando instancia de PAW/Router [] []
[2020-10-29T21:17:08.334181-03:00] main.DEBUG: Rutas creadas [] []
[2020-10-29T21:17:08.334284-03:00] main.DEBUG: Redireccionando a: / [] []
[2020-10-29T21:17:08.334338-03:00] main.DEBUG: Ruta: / [] []
[2020-10-29T21:17:08.335429-03:00] main.DEBUG: Usando la clase PageController metodo index [] []
[2020-10-29T21:17:10.443506-03:00] main.DEBUG: Creando instancia de PAW/Router [] []
[2020-10-29T21:17:10.450477-03:00] main.DEBUG: Rutas creadas [] []
[2020-10-29T21:17:10.450575-03:00] main.DEBUG: Redireccionando a: / [] []
[2020-10-29T21:17:10.450628-03:00] main.DEBUG: Ruta: / [] []
[2020-10-29T21:17:10.451274-03:00] main.DEBUG: Usando la clase PageController metodo index [] []
[2020-10-29T21:18:04.461171-03:00] main.DEBUG: Creando instancia de PAW/Router [] []
[2020-10-29T21:18:04.464404-03:00] main.DEBUG: Rutas creadas [] []
[2020-10-29T21:18:04.464499-03:00] main.DEBUG: Redireccionando a: / [] []
[2020-10-29T21:18:04.464554-03:00] main.DEBUG: Ruta: / [] []
[2020-10-29T21:18:04.465216-03:00] main.DEBUG: Usando la clase PageController metodo index [] []
[2020-10-29T21:18:05.265441-03:00] main.DEBUG: Creando instancia de PAW/Router [] []
[2020-10-29T21:18:05.268758-03:00] main.DEBUG: Rutas creadas [] []
[2020-10-29T21:18:05.268855-03:00] main.DEBUG: Redireccionando a: / [] []
[2020-10-29T21:18:05.268910-03:00] main.DEBUG: Ruta: / [] []
[2020-10-29T21:18:05.269574-03:00] main.DEBUG: Usando la clase PageController metodo index [] []
[2020-10-29T21:18:06.039083-03:00] main.DEBUG: Creando instancia de PAW/Router [] []
[2020-10-29T21:18:06.046997-03:00] main.DEBUG: Rutas creadas [] []
[2020-10-29T21:18:06.047092-03:00] main.DEBUG: Redireccionando a: / [] []
[2020-10-29T21:18:06.047147-03:00] main.DEBUG: Ruta: / [] []
[2020-10-29T21:18:06.047785-03:00] main.DEBUG: Usando la clase PageController metodo index [] []
[2020-10-29T21:18:11.920773-03:00] main.DEBUG: Creando instancia de PAW/Router [] []
[2020-10-29T21:18:11.923935-03:00] main.DEBUG: Rutas creadas [] []
[2020-10-29T21:18:11.924032-03:00] main.DEBUG: Redireccionando a: / [] []
[2020-10-29T21:18:11.924087-03:00] main.DEBUG: Ruta: / [] []
[2020-10-29T21:18:11.924718-03:00] main.DEBUG: Usando la clase PageController metodo index [] []
[2020-10-29T21:18:35.492620-03:00] main.DEBUG: Creando instancia de PAW/Router [] []
[2020-10-29T21:18:35.498389-03:00] main.DEBUG: Rutas creadas [] []
[2020-10-29T21:18:35.498511-03:00] main.DEBUG: Redireccionando a: / [] []
[2020-10-29T21:18:35.498566-03:00] main.DEBUG: Ruta: / [] []
[2020-10-29T21:18:35.499284-03:00] main.DEBUG: Usando la clase PageController metodo index [] []
[2020-10-29T21:18:43.614020-03:00] main.DEBUG: Creando instancia de PAW/Router [] []
[2020-10-29T21:18:43.617453-03:00] main.DEBUG: Rutas creadas [] []
[2020-10-29T21:18:43.617582-03:00] main.DEBUG: Redireccionando a: / [] []
[2020-10-29T21:18:43.617642-03:00] main.DEBUG: Ruta: / [] []
[2020-10-29T21:18:43.618354-03:00] main.DEBUG: Usando la clase PageController metodo index [] []
[2020-10-29T21:21:05.509519-03:00] main.DEBUG: Creando instancia de PAW/Router [] []
[2020-10-29T21:21:05.515153-03:00] main.DEBUG: Rutas creadas [] []
[2020-10-29T21:21:05.515264-03:00] main.DEBUG: Redireccionando a: / [] []
[2020-10-29T21:21:05.515319-03:00] main.DEBUG: Ruta: / [] []
[2020-10-29T21:21:05.516414-03:00] main.DEBUG: Usando la clase PageController metodo index [] []
[2020-10-29T21:21:29.995768-03:00] main.DEBUG: Creando instancia de PAW/Router [] []
[2020-10-29T21:21:29.998996-03:00] main.DEBUG: Rutas creadas [] []
[2020-10-29T21:21:29.999093-03:00] main.DEBUG: Redireccionando a: / [] []
[2020-10-29T21:21:29.999146-03:00] main.DEBUG: Ruta: / [] []
[2020-10-29T21:21:30.000088-03:00] main.DEBUG: Usando la clase PageController metodo index [] []
[2020-10-29T21:21:31.906645-03:00] main.DEBUG: Creando instancia de PAW/Router [] []
[2020-10-29T21:21:31.910242-03:00] main.DEBUG: Rutas creadas [] []
[2020-10-29T21:21:31.910348-03:00] main.DEBUG: Redireccionando a: / [] []
[2020-10-29T21:21:31.910401-03:00] main.DEBUG: Ruta: / [] []
[2020-10-29T21:21:31.911112-03:00] main.DEBUG: Usando la clase PageController metodo index [] []
[2020-10-29T21:21:32.965171-03:00] main.DEBUG: Creando instancia de PAW/Router [] []
[2020-10-29T21:21:32.972419-03:00] main.DEBUG: Rutas creadas [] []
[2020-10-29T21:21:32.972533-03:00] main.DEBUG: Redireccionando a: / [] []
[2020-10-29T21:21:32.972594-03:00] main.DEBUG: Ruta: / [] []
[2020-10-29T21:21:32.973338-03:00] main.DEBUG: Usando la clase PageController metodo index [] []
[2020-10-29T21:22:05.238548-03:00] main.DEBUG: Creando instancia de PAW/Router [] []
[2020-10-29T21:22:05.242409-03:00] main.DEBUG: Rutas creadas [] []
[2020-10-29T21:22:05.242506-03:00] main.DEBUG: Redireccionando a: / [] []
[2020-10-29T21:22:05.242560-03:00] main.DEBUG: Ruta: / [] []
[2020-10-29T21:22:05.243262-03:00] main.DEBUG: Usando la clase PageController metodo index [] []
[2020-10-29T21:22:06.232136-03:00] main.DEBUG: Creando instancia de PAW/Router [] []
[2020-10-29T21:22:06.241550-03:00] main.DEBUG: Rutas creadas [] []
[2020-10-29T21:22:06.241665-03:00] main.DEBUG: Redireccionando a: / [] []
[2020-10-29T21:22:06.241724-03:00] main.DEBUG: Ruta: / [] []
[2020-10-29T21:22:06.242501-03:00] main.DEBUG: Usando la clase PageController metodo index [] []
[2020-10-29T21:22:06.962925-03:00] main.DEBUG: Creando instancia de PAW/Router [] []
[2020-10-29T21:22:06.966096-03:00] main.DEBUG: Rutas creadas [] []
[2020-10-29T21:22:06.966193-03:00] main.DEBUG: Redireccionando a: / [] []
[2020-10-29T21:22:06.966248-03:00] main.DEBUG: Ruta: / [] []
[2020-10-29T21:22:06.966864-03:00] main.DEBUG: Usando la clase PageController metodo index [] []
[2020-10-29T21:22:07.559308-03:00] main.DEBUG: Creando instancia de PAW/Router [] []
[2020-10-29T21:22:07.563055-03:00] main.DEBUG: Rutas creadas [] []
[2020-10-29T21:22:07.563155-03:00] main.DEBUG: Redireccionando a: / [] []
[2020-10-29T21:22:07.563209-03:00] main.DEBUG: Ruta: / [] []
[2020-10-29T21:22:07.563847-03:00] main.DEBUG: Usando la clase PageController metodo index [] []
[2020-10-29T21:22:07.819025-03:00] main.DEBUG: Creando instancia de PAW/Router [] []
[2020-10-29T21:22:07.825059-03:00] main.DEBUG: Rutas creadas [] []
[2020-10-29T21:22:07.825153-03:00] main.DEBUG: Redireccionando a: / [] []
[2020-10-29T21:22:07.825207-03:00] main.DEBUG: Ruta: / [] []
[2020-10-29T21:22:07.825835-03:00] main.DEBUG: Usando la clase PageController metodo index [] []
[2020-10-29T21:22:08.086436-03:00] main.DEBUG: Creando instancia de PAW/Router [] []
[2020-10-29T21:22:08.094536-03:00] main.DEBUG: Rutas creadas [] []
[2020-10-29T21:22:08.094643-03:00] main.DEBUG: Redireccionando a: / [] []
[2020-10-29T21:22:08.094699-03:00] main.DEBUG: Ruta: / [] []
[2020-10-29T21:22:08.095335-03:00] main.DEBUG: Usando la clase PageController metodo index [] []
[2020-10-29T21:22:38.493698-03:00] main.DEBUG: Creando instancia de PAW/Router [] []
[2020-10-29T21:22:38.498439-03:00] main.DEBUG: Rutas creadas [] []
[2020-10-29T21:22:38.498545-03:00] main.DEBUG: Redireccionando a: / [] []
[2020-10-29T21:22:38.498600-03:00] main.DEBUG: Ruta: / [] []
[2020-10-29T21:22:38.499432-03:00] main.DEBUG: Usando la clase PageController metodo index [] []
[2020-10-29T21:23:01.976689-03:00] main.DEBUG: Creando instancia de PAW/Router [] []
[2020-10-29T21:23:01.986350-03:00] main.DEBUG: Rutas creadas [] []
[2020-10-29T21:23:01.986451-03:00] main.DEBUG: Redireccionando a: / [] []
[2020-10-29T21:23:01.986505-03:00] main.DEBUG: Ruta: / [] []
[2020-10-29T21:23:01.987177-03:00] main.DEBUG: Usando la clase PageController metodo index [] []
[2020-10-29T21:23:45.868958-03:00] main.DEBUG: Creando instancia de PAW/Router [] []
[2020-10-29T21:23:45.873950-03:00] main.DEBUG: Rutas creadas [] []
[2020-10-29T21:23:45.874048-03:00] main.DEBUG: Redireccionando a: / [] []
[2020-10-29T21:23:45.874103-03:00] main.DEBUG: Ruta: / [] []
[2020-10-29T21:23:45.875109-03:00] main.DEBUG: Usando la clase PageController metodo index [] []
[2020-10-29T21:23:59.845602-03:00] main.DEBUG: Creando instancia de PAW/Router [] []
[2020-10-29T21:23:59.853773-03:00] main.DEBUG: Rutas creadas [] []
[2020-10-29T21:23:59.853871-03:00] main.DEBUG: Redireccionando a: / [] []
[2020-10-29T21:23:59.853925-03:00] main.DEBUG: Ruta: / [] []
[2020-10-29T21:23:59.854604-03:00] main.DEBUG: Usando la clase PageController metodo index [] []
[2020-10-29T21:24:38.596310-03:00] main.DEBUG: Creando instancia de PAW/Router [] []
[2020-10-29T21:24:38.599824-03:00] main.DEBUG: Rutas creadas [] []
[2020-10-29T21:24:38.600526-03:00] main.DEBUG: Redireccionando a: / [] []
[2020-10-29T21:24:38.600603-03:00] main.DEBUG: Ruta: / [] []
[2020-10-29T21:24:38.603198-03:00] main.DEBUG: Usando la clase PageController metodo index [] []
[2020-10-29T21:24:56.278095-03:00] main.DEBUG: Creando instancia de PAW/Router [] []
[2020-10-29T21:24:56.286073-03:00] main.DEBUG: Rutas creadas [] []
[2020-10-29T21:24:56.286203-03:00] main.DEBUG: Redireccionando a: / [] []
[2020-10-29T21:24:56.286262-03:00] main.DEBUG: Ruta: / [] []
[2020-10-29T21:24:56.287143-03:00] main.DEBUG: Usando la clase PageController metodo index [] []
[2020-10-29T21:25:44.468872-03:00] main.DEBUG: Creando instancia de PAW/Router [] []
[2020-10-29T21:25:44.475367-03:00] main.DEBUG: Rutas creadas [] []
[2020-10-29T21:25:44.476098-03:00] main.DEBUG: Redireccionando a: / [] []
[2020-10-29T21:25:44.476235-03:00] main.DEBUG: Ruta: / [] []
[2020-10-29T21:25:44.477383-03:00] main.DEBUG: Usando la clase PageController metodo index [] []
[2020-10-29T21:25:55.665093-03:00] main.DEBUG: Creando instancia de PAW/Router [] []
[2020-10-29T21:25:55.671909-03:00] main.DEBUG: Rutas creadas [] []
[2020-10-29T21:25:55.672516-03:00] main.DEBUG: Redireccionando a: / [] []
[2020-10-29T21:25:55.672649-03:00] main.DEBUG: Ruta: / [] []
[2020-10-29T21:25:55.674420-03:00] main.DEBUG: Usando la clase PageController metodo index [] []
[2020-10-29T21:25:56.773673-03:00] main.DEBUG: Creando instancia de PAW/Router [] []
[2020-10-29T21:25:56.789376-03:00] main.DEBUG: Rutas creadas [] []
[2020-10-29T21:25:56.790200-03:00] main.DEBUG: Redireccionando a: / [] []
[2020-10-29T21:25:56.790297-03:00] main.DEBUG: Ruta: / [] []
[2020-10-29T21:25:56.794131-03:00] main.DEBUG: Usando la clase PageController metodo index [] []
[2020-10-29T21:26:07.096329-03:00] main.DEBUG: Creando instancia de PAW/Router [] []
[2020-10-29T21:26:07.102637-03:00] main.DEBUG: Rutas creadas [] []
[2020-10-29T21:26:07.102767-03:00] main.DEBUG: Redireccionando a: / [] []
[2020-10-29T21:26:07.102843-03:00] main.DEBUG: Ruta: / [] []
[2020-10-29T21:26:07.103772-03:00] main.DEBUG: Usando la clase PageController metodo index [] []
[2020-10-29T21:26:08.397991-03:00] main.DEBUG: Creando instancia de PAW/Router [] []
[2020-10-29T21:26:08.406294-03:00] main.DEBUG: Rutas creadas [] []
[2020-10-29T21:26:08.406430-03:00] main.DEBUG: Redireccionando a: / [] []
[2020-10-29T21:26:08.406493-03:00] main.DEBUG: Ruta: / [] []
[2020-10-29T21:26:08.407395-03:00] main.DEBUG: Usando la clase PageController metodo index [] []
[2020-10-29T21:26:32.147145-03:00] main.DEBUG: Creando instancia de PAW/Router [] []
[2020-10-29T21:26:32.158868-03:00] main.DEBUG: Rutas creadas [] []
[2020-10-29T21:26:32.159356-03:00] main.DEBUG: Redireccionando a: / [] []
[2020-10-29T21:26:32.159534-03:00] main.DEBUG: Ruta: / [] []
[2020-10-29T21:26:32.163457-03:00] main.DEBUG: Usando la clase PageController metodo index [] []
[2020-10-29T21:26:33.382578-03:00] main.DEBUG: Creando instancia de PAW/Router [] []
[2020-10-29T21:26:33.389014-03:00] main.DEBUG: Rutas creadas [] []
[2020-10-29T21:26:33.389135-03:00] main.DEBUG: Redireccionando a: / [] []
[2020-10-29T21:26:33.389196-03:00] main.DEBUG: Ruta: / [] []
[2020-10-29T21:26:33.390885-03:00] main.DEBUG: Usando la clase PageController metodo index [] []
[2020-10-29T21:26:49.270582-03:00] main.DEBUG: Creando instancia de PAW/Router [] []
[2020-10-29T21:26:49.279450-03:00] main.DEBUG: Rutas creadas [] []
[2020-10-29T21:26:49.279573-03:00] main.DEBUG: Redireccionando a: / [] []
[2020-10-29T21:26:49.279708-03:00] main.DEBUG: Ruta: / [] []
[2020-10-29T21:26:49.280916-03:00] main.DEBUG: Usando la clase PageController metodo index [] []
[2020-10-29T21:26:50.604828-03:00] main.DEBUG: Creando instancia de PAW/Router [] []
[2020-10-29T21:26:50.609505-03:00] main.DEBUG: Rutas creadas [] []
[2020-10-29T21:26:50.610450-03:00] main.DEBUG: Redireccionando a: / [] []
[2020-10-29T21:26:50.610562-03:00] main.DEBUG: Ruta: / [] []
[2020-10-29T21:26:50.612221-03:00] main.DEBUG: Usando la clase PageController metodo index [] []
[2020-10-29T21:27:04.210413-03:00] main.DEBUG: Creando instancia de PAW/Router [] []
[2020-10-29T21:27:04.216310-03:00] main.DEBUG: Rutas creadas [] []
[2020-10-29T21:27:04.216435-03:00] main.DEBUG: Redireccionando a: / [] []
[2020-10-29T21:27:04.216500-03:00] main.DEBUG: Ruta: / [] []
[2020-10-29T21:27:04.217462-03:00] main.DEBUG: Usando la clase PageController metodo index [] []
[2020-10-29T21:28:39.264201-03:00] main.DEBUG: Creando instancia de PAW/Router [] []
[2020-10-29T21:28:39.275133-03:00] main.DEBUG: Rutas creadas [] []
[2020-10-29T21:28:39.275240-03:00] main.DEBUG: Redireccionando a: / [] []
[2020-10-29T21:28:39.275295-03:00] main.DEBUG: Ruta: / [] []
[2020-10-29T21:28:39.276422-03:00] main.DEBUG: Usando la clase PageController metodo index [] []
[2020-10-29T21:30:19.506766-03:00] main.DEBUG: Creando instancia de PAW/Router [] []
[2020-10-29T21:30:19.510653-03:00] main.DEBUG: Rutas creadas [] []
[2020-10-29T21:30:19.510760-03:00] main.DEBUG: Redireccionando a: / [] []
[2020-10-29T21:30:19.510814-03:00] main.DEBUG: Ruta: / [] []
[2020-10-29T21:30:19.511479-03:00] main.DEBUG: Usando la clase PageController metodo index [] []
[2020-10-29T21:30:25.877133-03:00] main.DEBUG: Creando instancia de PAW/Router [] []
[2020-10-29T21:30:25.880816-03:00] main.DEBUG: Rutas creadas [] []
[2020-10-29T21:30:25.880923-03:00] main.DEBUG: Redireccionando a: / [] []
[2020-10-29T21:30:25.880978-03:00] main.DEBUG: Ruta: / [] []
[2020-10-29T21:30:25.881765-03:00] main.DEBUG: Usando la clase PageController metodo index [] []
[2020-10-29T21:31:52.384576-03:00] main.DEBUG: Creando instancia de PAW/Router [] []
[2020-10-29T21:31:52.391308-03:00] main.DEBUG: Rutas creadas [] []
[2020-10-29T21:31:52.391411-03:00] main.DEBUG: Redireccionando a: / [] []
[2020-10-29T21:31:52.391466-03:00] main.DEBUG: Ruta: / [] []
[2020-10-29T21:31:52.392508-03:00] main.DEBUG: Usando la clase PageController metodo index [] []
[2020-10-29T21:32:26.761835-03:00] main.DEBUG: Creando instancia de PAW/Router [] []
[2020-10-29T21:32:26.767140-03:00] main.DEBUG: Rutas creadas [] []
[2020-10-29T21:32:26.767243-03:00] main.DEBUG: Redireccionando a: / [] []
[2020-10-29T21:32:26.767296-03:00] main.DEBUG: Ruta: / [] []
[2020-10-29T21:32:26.768092-03:00] main.DEBUG: Usando la clase PageController metodo index [] []
[2020-10-29T21:34:05.580231-03:00] main.DEBUG: Creando instancia de PAW/Router [] []
[2020-10-29T21:34:05.584952-03:00] main.DEBUG: Rutas creadas [] []
[2020-10-29T21:34:05.585054-03:00] main.DEBUG: Redireccionando a: / [] []
[2020-10-29T21:34:05.585174-03:00] main.DEBUG: Ruta: / [] []
[2020-10-29T21:34:05.586295-03:00] main.DEBUG: Usando la clase PageController metodo index [] []
[2020-10-29T21:34:09.048353-03:00] main.DEBUG: Creando instancia de PAW/Router [] []
[2020-10-29T21:34:09.062577-03:00] main.DEBUG: Rutas creadas [] []
[2020-10-29T21:34:09.062689-03:00] main.DEBUG: Redireccionando a: / [] []
[2020-10-29T21:34:09.062794-03:00] main.DEBUG: Ruta: / [] []
[2020-10-29T21:34:09.063677-03:00] main.DEBUG: Usando la clase PageController metodo index [] []
[2020-10-29T21:34:44.316412-03:00] main.DEBUG: Creando instancia de PAW/Router [] []
[2020-10-29T21:34:44.320146-03:00] main.DEBUG: Rutas creadas [] []
[2020-10-29T21:34:44.320258-03:00] main.DEBUG: Redireccionando a: / [] []
[2020-10-29T21:34:44.320316-03:00] main.DEBUG: Ruta: / [] []
[2020-10-29T21:34:44.321292-03:00] main.DEBUG: Usando la clase PageController metodo index [] []
[2020-10-29T21:34:47.891236-03:00] main.DEBUG: Creando instancia de PAW/Router [] []
[2020-10-29T21:34:47.895701-03:00] main.DEBUG: Rutas creadas [] []
[2020-10-29T21:34:47.895799-03:00] main.DEBUG: Redireccionando a: / [] []
[2020-10-29T21:34:47.895852-03:00] main.DEBUG: Ruta: / [] []
[2020-10-29T21:34:47.896505-03:00] main.DEBUG: Usando la clase PageController metodo index [] []
[2020-10-29T21:35:33.732799-03:00] main.DEBUG: Creando instancia de PAW/Router [] []
[2020-10-29T21:35:33.740979-03:00] main.DEBUG: Rutas creadas [] []
[2020-10-29T21:35:33.741095-03:00] main.DEBUG: Redireccionando a: / [] []
[2020-10-29T21:35:33.741154-03:00] main.DEBUG: Ruta: / [] []
[2020-10-29T21:35:33.742359-03:00] main.DEBUG: Usando la clase PageController metodo index [] []
[2020-10-29T21:35:37.957678-03:00] main.DEBUG: Creando instancia de PAW/Router [] []
[2020-10-29T21:35:37.961564-03:00] main.DEBUG: Rutas creadas [] []
[2020-10-29T21:35:37.961665-03:00] main.DEBUG: Redireccionando a: / [] []
[2020-10-29T21:35:37.961718-03:00] main.DEBUG: Ruta: / [] []
[2020-10-29T21:35:37.962431-03:00] main.DEBUG: Usando la clase PageController metodo index [] []
[2020-10-29T21:35:40.268395-03:00] main.DEBUG: Creando instancia de PAW/Router [] []
[2020-10-29T21:35:40.273356-03:00] main.DEBUG: Rutas creadas [] []
[2020-10-29T21:35:40.273457-03:00] main.DEBUG: Redireccionando a: / [] []
[2020-10-29T21:35:40.273510-03:00] main.DEBUG: Ruta: / [] []
[2020-10-29T21:35:40.274163-03:00] main.DEBUG: Usando la clase PageController metodo index [] []
[2020-10-29T21:36:13.413049-03:00] main.DEBUG: Creando instancia de PAW/Router [] []
[2020-10-29T21:36:13.417380-03:00] main.DEBUG: Rutas creadas [] []
[2020-10-29T21:36:13.417479-03:00] main.DEBUG: Redireccionando a: / [] []
[2020-10-29T21:36:13.417535-03:00] main.DEBUG: Ruta: / [] []
[2020-10-29T21:36:13.418662-03:00] main.DEBUG: Usando la clase PageController metodo index [] []
[2020-10-29T21:36:31.843189-03:00] main.DEBUG: Creando instancia de PAW/Router [] []
[2020-10-29T21:36:31.846437-03:00] main.DEBUG: Rutas creadas [] []
[2020-10-29T21:36:31.846535-03:00] main.DEBUG: Redireccionando a: / [] []
[2020-10-29T21:36:31.846588-03:00] main.DEBUG: Ruta: / [] []
[2020-10-29T21:36:31.847267-03:00] main.DEBUG: Usando la clase PageController metodo index [] []
[2020-10-29T21:36:50.476507-03:00] main.DEBUG: Creando instancia de PAW/Router [] []
[2020-10-29T21:36:50.480110-03:00] main.DEBUG: Rutas creadas [] []
[2020-10-29T21:36:50.480223-03:00] main.DEBUG: Redireccionando a: / [] []
[2020-10-29T21:36:50.480277-03:00] main.DEBUG: Ruta: / [] []
[2020-10-29T21:36:50.481703-03:00] main.DEBUG: Usando la clase PageController metodo index [] []
[2020-10-29T21:36:54.091635-03:00] main.DEBUG: Creando instancia de PAW/Router [] []
[2020-10-29T21:36:54.095023-03:00] main.DEBUG: Rutas creadas [] []
[2020-10-29T21:36:54.095122-03:00] main.DEBUG: Redireccionando a: / [] []
[2020-10-29T21:36:54.095176-03:00] main.DEBUG: Ruta: / [] []
[2020-10-29T21:36:54.095825-03:00] main.DEBUG: Usando la clase PageController metodo index [] []
[2020-10-29T21:37:12.935861-03:00] main.DEBUG: Creando instancia de PAW/Router [] []
[2020-10-29T21:37:12.948682-03:00] main.DEBUG: Rutas creadas [] []
[2020-10-29T21:37:12.948860-03:00] main.DEBUG: Redireccionando a: / [] []
[2020-10-29T21:37:12.948934-03:00] main.DEBUG: Ruta: / [] []
[2020-10-29T21:37:12.952588-03:00] main.DEBUG: Usando la clase PageController metodo index [] []
[2020-10-29T21:37:16.200466-03:00] main.DEBUG: Creando instancia de PAW/Router [] []
[2020-10-29T21:37:16.212746-03:00] main.DEBUG: Rutas creadas [] []
[2020-10-29T21:37:16.212875-03:00] main.DEBUG: Redireccionando a: / [] []
[2020-10-29T21:37:16.212937-03:00] main.DEBUG: Ruta: / [] []
[2020-10-29T21:37:16.213910-03:00] main.DEBUG: Usando la clase PageController metodo index [] []
[2020-10-29T21:37:19.441581-03:00] main.DEBUG: Creando instancia de PAW/Router [] []
[2020-10-29T21:37:19.448967-03:00] main.DEBUG: Rutas creadas [] []
[2020-10-29T21:37:19.449068-03:00] main.DEBUG: Redireccionando a: / [] []
[2020-10-29T21:37:19.449122-03:00] main.DEBUG: Ruta: / [] []
[2020-10-29T21:37:19.450047-03:00] main.DEBUG: Usando la clase PageController metodo index [] []
[2020-10-29T21:37:23.522479-03:00] main.DEBUG: Creando instancia de PAW/Router [] []
[2020-10-29T21:37:23.529271-03:00] main.DEBUG: Rutas creadas [] []
[2020-10-29T21:37:23.529375-03:00] main.DEBUG: Redireccionando a: /obras_sociales [] []
[2020-10-29T21:37:23.529429-03:00] main.DEBUG: Ruta: /obras_sociales [] []
[2020-10-29T21:37:25.936929-03:00] main.DEBUG: Creando instancia de PAW/Router [] []
[2020-10-29T21:37:25.944346-03:00] main.DEBUG: Rutas creadas [] []
[2020-10-29T21:37:25.944461-03:00] main.DEBUG: Redireccionando a: / [] []
[2020-10-29T21:37:25.944521-03:00] main.DEBUG: Ruta: / [] []
[2020-10-29T21:37:25.947602-03:00] main.DEBUG: Usando la clase PageController metodo index [] []
[2020-10-29T21:41:07.891792-03:00] main.DEBUG: Creando instancia de PAW/Router [] []
[2020-10-29T21:41:07.930132-03:00] main.DEBUG: Rutas creadas [] []
[2020-10-29T21:41:07.930247-03:00] main.DEBUG: Redireccionando a: / [] []
[2020-10-29T21:41:07.930304-03:00] main.DEBUG: Ruta: / [] []
[2020-10-29T21:41:07.932018-03:00] main.DEBUG: Usando la clase PageController metodo index [] []
[2020-10-29T21:41:08.831517-03:00] main.DEBUG: Creando instancia de PAW/Router [] []
[2020-10-29T21:41:08.838172-03:00] main.DEBUG: Rutas creadas [] []
[2020-10-29T21:41:08.838283-03:00] main.DEBUG: Redireccionando a: / [] []
[2020-10-29T21:41:08.838339-03:00] main.DEBUG: Ruta: / [] []
[2020-10-29T21:41:08.918078-03:00] main.DEBUG: Usando la clase PageController metodo index [] []
[2020-10-29T21:42:37.111098-03:00] main.DEBUG: Creando instancia de PAW/Router [] []
[2020-10-29T21:42:37.122278-03:00] main.DEBUG: Rutas creadas [] []
[2020-10-29T21:42:37.122395-03:00] main.DEBUG: Redireccionando a: / [] []
[2020-10-29T21:42:37.122459-03:00] main.DEBUG: Ruta: / [] []
[2020-10-29T21:42:37.124542-03:00] main.DEBUG: Usando la clase PageController metodo index [] []
[2020-10-29T21:43:06.819072-03:00] main.DEBUG: Creando instancia de PAW/Router [] []
[2020-10-29T21:43:06.828126-03:00] main.DEBUG: Rutas creadas [] []
[2020-10-29T21:43:06.828243-03:00] main.DEBUG: Redireccionando a: / [] []
[2020-10-29T21:43:06.828306-03:00] main.DEBUG: Ruta: / [] []
[2020-10-29T21:43:06.829086-03:00] main.DEBUG: Usando la clase PageController metodo index [] []
[2020-10-29T21:43:09.425316-03:00] main.DEBUG: Creando instancia de PAW/Router [] []
[2020-10-29T21:43:09.431536-03:00] main.DEBUG: Rutas creadas [] []
[2020-10-29T21:43:09.432091-03:00] main.DEBUG: Redireccionando a: /logout [] []
[2020-10-29T21:43:09.432174-03:00] main.DEBUG: Ruta: /logout [] []
[2020-10-29T21:43:09.434085-03:00] main.DEBUG: Usando la clase PageController metodo logout [] []
[2020-10-29T21:44:21.023114-03:00] main.DEBUG: Creando instancia de PAW/Router [] []
[2020-10-29T21:44:21.028358-03:00] main.DEBUG: Rutas creadas [] []
[2020-10-29T21:44:21.028479-03:00] main.DEBUG: Redireccionando a: /logout [] []
[2020-10-29T21:44:21.028540-03:00] main.DEBUG: Ruta: /logout [] []
[2020-10-29T21:44:21.029415-03:00] main.DEBUG: Usando la clase PageController metodo logout [] []
[2020-10-29T21:44:37.688039-03:00] main.DEBUG: Creando instancia de PAW/Router [] []
[2020-10-29T21:44:37.694493-03:00] main.DEBUG: Rutas creadas [] []
[2020-10-29T21:44:37.694617-03:00] main.DEBUG: Redireccionando a: / [] []
[2020-10-29T21:44:37.694791-03:00] main.DEBUG: Ruta: / [] []
[2020-10-29T21:44:37.695816-03:00] main.DEBUG: Usando la clase PageController metodo index [] []
[2020-10-29T21:45:31.635586-03:00] main.DEBUG: Creando instancia de PAW/Router [] []
[2020-10-29T21:45:31.640242-03:00] main.DEBUG: Rutas creadas [] []
[2020-10-29T21:45:31.640345-03:00] main.DEBUG: Redireccionando a: /logout [] []
[2020-10-29T21:45:31.640400-03:00] main.DEBUG: Ruta: /logout [] []
[2020-10-29T21:45:31.641465-03:00] main.DEBUG: Usando la clase PageController metodo logout [] []
[2020-10-29T21:45:31.699496-03:00] main.DEBUG: Creando instancia de PAW/Router [] []
[2020-10-29T21:45:31.708452-03:00] main.DEBUG: Rutas creadas [] []
[2020-10-29T21:45:31.708581-03:00] main.DEBUG: Redireccionando a: / [] []
[2020-10-29T21:45:31.708643-03:00] main.DEBUG: Ruta: / [] []
[2020-10-29T21:45:31.709624-03:00] main.DEBUG: Usando la clase PageController metodo index [] []
[2020-10-29T21:45:40.318539-03:00] main.DEBUG: Creando instancia de PAW/Router [] []
[2020-10-29T21:45:40.327070-03:00] main.DEBUG: Rutas creadas [] []
[2020-10-29T21:45:40.327506-03:00] main.DEBUG: Redireccionando a: /login [] []
[2020-10-29T21:45:40.327589-03:00] main.DEBUG: Ruta: /login [] []
[2020-10-29T21:45:40.328543-03:00] main.DEBUG: Usando la clase PageController metodo login [] []
[2020-10-29T21:45:40.406503-03:00] main.DEBUG: Creando instancia de PAW/Router [] []
[2020-10-29T21:45:40.413309-03:00] main.DEBUG: Rutas creadas [] []
[2020-10-29T21:45:40.413440-03:00] main.DEBUG: Redireccionando a: / [] []
[2020-10-29T21:45:40.413508-03:00] main.DEBUG: Ruta: / [] []
[2020-10-29T21:45:40.416446-03:00] main.DEBUG: Usando la clase PageController metodo index [] []
[2020-10-29T21:45:44.330977-03:00] main.DEBUG: Creando instancia de PAW/Router [] []
[2020-10-29T21:45:44.335504-03:00] main.DEBUG: Rutas creadas [] []
[2020-10-29T21:45:44.335633-03:00] main.DEBUG: Redireccionando a: /logout [] []
[2020-10-29T21:45:44.335695-03:00] main.DEBUG: Ruta: /logout [] []
[2020-10-29T21:45:44.336749-03:00] main.DEBUG: Usando la clase PageController metodo logout [] []
[2020-10-29T21:45:44.403705-03:00] main.DEBUG: Creando instancia de PAW/Router [] []
[2020-10-29T21:45:44.409545-03:00] main.DEBUG: Rutas creadas [] []
[2020-10-29T21:45:44.411582-03:00] main.DEBUG: Redireccionando a: / [] []
[2020-10-29T21:45:44.411660-03:00] main.DEBUG: Ruta: / [] []
[2020-10-29T21:45:44.413985-03:00] main.DEBUG: Usando la clase PageController metodo index [] []
[2020-10-29T21:45:53.136883-03:00] main.DEBUG: Creando instancia de PAW/Router [] []
[2020-10-29T21:45:53.142644-03:00] main.DEBUG: Rutas creadas [] []
[2020-10-29T21:45:53.142743-03:00] main.DEBUG: Redireccionando a: /especialidades [] []
[2020-10-29T21:45:53.142798-03:00] main.DEBUG: Ruta: /especialidades [] []
[2020-10-29T21:45:53.143495-03:00] main.DEBUG: Usando la clase PageController metodo especialidades [] []
[2020-10-29T21:45:57.149460-03:00] main.DEBUG: Creando instancia de PAW/Router [] []
[2020-10-29T21:45:57.157523-03:00] main.DEBUG: Rutas creadas [] []
[2020-10-29T21:45:57.157618-03:00] main.DEBUG: Redireccionando a: /especialidades [] []
[2020-10-29T21:45:57.157681-03:00] main.DEBUG: Ruta: /especialidades [] []
[2020-10-29T21:45:57.158300-03:00] main.DEBUG: Usando la clase PageController metodo especialidades [] []
[2020-10-29T21:46:00.057965-03:00] main.DEBUG: Creando instancia de PAW/Router [] []
[2020-10-29T21:46:00.065665-03:00] main.DEBUG: Rutas creadas [] []
[2020-10-29T21:46:00.065791-03:00] main.DEBUG: Redireccionando a: /especialidades [] []
[2020-10-29T21:46:00.065853-03:00] main.DEBUG: Ruta: /especialidades [] []
[2020-10-29T21:46:00.066687-03:00] main.DEBUG: Usando la clase PageController metodo especialidades [] []
[2020-10-29T21:48:50.567679-03:00] main.DEBUG: Creando instancia de PAW/Router [] []
[2020-10-29T21:48:50.573540-03:00] main.DEBUG: Rutas creadas [] []
[2020-10-29T21:48:50.573637-03:00] main.DEBUG: Redireccionando a: /especialidades [] []
[2020-10-29T21:48:50.573691-03:00] main.DEBUG: Ruta: /especialidades [] []
[2020-10-29T21:48:50.574966-03:00] main.DEBUG: Usando la clase PageController metodo especialidades [] []
[2020-10-29T21:48:53.889254-03:00] main.DEBUG: Creando instancia de PAW/Router [] []
[2020-10-29T21:48:53.893411-03:00] main.DEBUG: Rutas creadas [] []
[2020-10-29T21:48:53.893508-03:00] main.DEBUG: Redireccionando a: /especialidades [] []
[2020-10-29T21:48:53.893572-03:00] main.DEBUG: Ruta: /especialidades [] []
[2020-10-29T21:48:53.894247-03:00] main.DEBUG: Usando la clase PageController metodo especialidades [] []
[2020-10-29T21:49:18.755101-03:00] main.DEBUG: Creando instancia de PAW/Router [] []
[2020-10-29T21:49:18.762970-03:00] main.DEBUG: Rutas creadas [] []
[2020-10-29T21:49:18.763087-03:00] main.DEBUG: Redireccionando a: /especialidades [] []
[2020-10-29T21:49:18.763149-03:00] main.DEBUG: Ruta: /especialidades [] []
[2020-10-29T21:49:18.764022-03:00] main.DEBUG: Usando la clase PageController metodo especialidades [] []
[2020-10-29T21:50:30.967689-03:00] main.DEBUG: Creando instancia de PAW/Router [] []
[2020-10-29T21:50:30.971500-03:00] main.DEBUG: Rutas creadas [] []
[2020-10-29T21:50:30.971609-03:00] main.DEBUG: Redireccionando a: /especialidades [] []
[2020-10-29T21:50:30.971670-03:00] main.DEBUG: Ruta: /especialidades [] []
[2020-10-29T21:50:30.972473-03:00] main.DEBUG: Usando la clase PageController metodo especialidades [] []
[2020-10-29T21:51:21.632237-03:00] main.DEBUG: Creando instancia de PAW/Router [] []
[2020-10-29T21:51:21.636768-03:00] main.DEBUG: Rutas creadas [] []
[2020-10-29T21:51:21.636869-03:00] main.DEBUG: Redireccionando a: /especialidades [] []
[2020-10-29T21:51:21.636925-03:00] main.DEBUG: Ruta: /especialidades [] []
[2020-10-29T21:51:21.637999-03:00] main.DEBUG: Usando la clase PageController metodo especialidades [] []
[2020-10-29T21:52:13.261495-03:00] main.DEBUG: Creando instancia de PAW/Router [] []
[2020-10-29T21:52:13.265253-03:00] main.DEBUG: Rutas creadas [] []
[2020-10-29T21:52:13.265353-03:00] main.DEBUG: Redireccionando a: /especialidades [] []
[2020-10-29T21:52:13.265408-03:00] main.DEBUG: Ruta: /especialidades [] []
[2020-10-29T21:52:13.266074-03:00] main.DEBUG: Usando la clase PageController metodo especialidades [] []
[2020-10-29T21:52:14.149289-03:00] main.DEBUG: Creando instancia de PAW/Router [] []
[2020-10-29T21:52:14.153168-03:00] main.DEBUG: Rutas creadas [] []
[2020-10-29T21:52:14.153362-03:00] main.DEBUG: Redireccionando a: /especialidades [] []
[2020-10-29T21:52:14.153436-03:00] main.DEBUG: Ruta: /especialidades [] []
[2020-10-29T21:52:14.154609-03:00] main.DEBUG: Usando la clase PageController metodo especialidades [] []
[2020-10-29T21:52:14.822414-03:00] main.DEBUG: Creando instancia de PAW/Router [] []
[2020-10-29T21:52:14.829152-03:00] main.DEBUG: Rutas creadas [] []
[2020-10-29T21:52:14.829369-03:00] main.DEBUG: Redireccionando a: /especialidades [] []
[2020-10-29T21:52:14.829443-03:00] main.DEBUG: Ruta: /especialidades [] []
[2020-10-29T21:52:14.831784-03:00] main.DEBUG: Usando la clase PageController metodo especialidades [] []
[2020-10-29T21:54:30.815713-03:00] main.DEBUG: Creando instancia de PAW/Router [] []
[2020-10-29T21:54:30.825865-03:00] main.DEBUG: Rutas creadas [] []
[2020-10-29T21:54:30.826000-03:00] main.DEBUG: Redireccionando a: /especialidades [] []
[2020-10-29T21:54:30.826064-03:00] main.DEBUG: Ruta: /especialidades [] []
[2020-10-29T21:54:30.827433-03:00] main.DEBUG: Usando la clase PageController metodo especialidades [] []
[2020-10-29T21:54:38.171400-03:00] main.DEBUG: Creando instancia de PAW/Router [] []
[2020-10-29T21:54:38.174704-03:00] main.DEBUG: Rutas creadas [] []
[2020-10-29T21:54:38.174803-03:00] main.DEBUG: Redireccionando a: /obras_sociales [] []
[2020-10-29T21:54:38.174858-03:00] main.DEBUG: Ruta: /obras_sociales [] []
[2020-10-29T21:54:40.885385-03:00] main.DEBUG: Creando instancia de PAW/Router [] []
[2020-10-29T21:54:40.893298-03:00] main.DEBUG: Rutas creadas [] []
[2020-10-29T21:54:40.893400-03:00] main.DEBUG: Redireccionando a: /especialidades [] []
[2020-10-29T21:54:40.893455-03:00] main.DEBUG: Ruta: /especialidades [] []
[2020-10-29T21:54:40.894231-03:00] main.DEBUG: Usando la clase PageController metodo especialidades [] []
[2020-10-29T21:54:46.362315-03:00] main.DEBUG: Creando instancia de PAW/Router [] []
[2020-10-29T21:54:46.365750-03:00] main.DEBUG: Rutas creadas [] []
[2020-10-29T21:54:46.365849-03:00] main.DEBUG: Redireccionando a: /home [] []
[2020-10-29T21:54:46.365902-03:00] main.DEBUG: Ruta: /home [] []
[2020-10-29T21:55:08.597676-03:00] main.DEBUG: Creando instancia de PAW/Router [] []
[2020-10-29T21:55:08.604530-03:00] main.DEBUG: Rutas creadas [] []
[2020-10-29T21:55:08.604665-03:00] main.DEBUG: Redireccionando a: /home [] []
[2020-10-29T21:55:08.605224-03:00] main.DEBUG: Ruta: /home [] []
[2020-10-29T21:55:08.606799-03:00] main.DEBUG: Usando la clase PageController metodo index [] []
[2020-10-29T21:55:25.895905-03:00] main.DEBUG: Creando instancia de PAW/Router [] []
[2020-10-29T21:55:25.904733-03:00] main.DEBUG: Rutas creadas [] []
[2020-10-29T21:55:25.905006-03:00] main.DEBUG: Redireccionando a: /home [] []
[2020-10-29T21:55:25.905313-03:00] main.DEBUG: Ruta: /home [] []
[2020-10-29T21:55:25.906609-03:00] main.DEBUG: Usando la clase PageController metodo index [] []
[2020-10-29T21:55:28.394077-03:00] main.DEBUG: Creando instancia de PAW/Router [] []
[2020-10-29T21:55:28.397522-03:00] main.DEBUG: Rutas creadas [] []
[2020-10-29T21:55:28.397626-03:00] main.DEBUG: Redireccionando a: /institucional [] []
[2020-10-29T21:55:28.397681-03:00] main.DEBUG: Ruta: /institucional [] []
[2020-10-29T21:55:28.398318-03:00] main.DEBUG: Usando la clase PageController metodo institucional [] []
[2020-10-29T21:55:35.125391-03:00] main.DEBUG: Creando instancia de PAW/Router [] []
[2020-10-29T21:55:35.130639-03:00] main.DEBUG: Rutas creadas [] []
[2020-10-29T21:55:35.130905-03:00] main.DEBUG: Redireccionando a: /home [] []
[2020-10-29T21:55:35.130981-03:00] main.DEBUG: Ruta: /home [] []
[2020-10-29T21:55:35.132960-03:00] main.DEBUG: Usando la clase PageController metodo index [] []
[2020-10-29T21:55:36.493405-03:00] main.DEBUG: Creando instancia de PAW/Router [] []
[2020-10-29T21:55:36.496490-03:00] main.DEBUG: Rutas creadas [] []
[2020-10-29T21:55:36.496586-03:00] main.DEBUG: Redireccionando a: /noticias [] []
[2020-10-29T21:55:36.496641-03:00] main.DEBUG: Ruta: /noticias [] []
[2020-10-29T21:55:36.497274-03:00] main.DEBUG: Usando la clase PageController metodo noticias [] []
[2020-10-29T21:55:38.873960-03:00] main.DEBUG: Creando instancia de PAW/Router [] []
[2020-10-29T21:55:38.878910-03:00] main.DEBUG: Rutas creadas [] []
[2020-10-29T21:55:38.879013-03:00] main.DEBUG: Redireccionando a: /especialidades [] []
[2020-10-29T21:55:38.879067-03:00] main.DEBUG: Ruta: /especialidades [] []
[2020-10-29T21:55:38.880050-03:00] main.DEBUG: Usando la clase PageController metodo especialidades [] []
[2020-10-29T21:55:39.861416-03:00] main.DEBUG: Creando instancia de PAW/Router [] []
[2020-10-29T21:55:39.866279-03:00] main.DEBUG: Rutas creadas [] []
[2020-10-29T21:55:39.866410-03:00] main.DEBUG: Redireccionando a: /obras_sociales [] []
[2020-10-29T21:55:39.866464-03:00] main.DEBUG: Ruta: /obras_sociales [] []
[2020-10-29T21:55:41.612400-03:00] main.DEBUG: Creando instancia de PAW/Router [] []
[2020-10-29T21:55:41.615492-03:00] main.DEBUG: Rutas creadas [] []
[2020-10-29T21:55:41.615584-03:00] main.DEBUG: Redireccionando a: /especialidades [] []
[2020-10-29T21:55:41.615638-03:00] main.DEBUG: Ruta: /especialidades [] []
[2020-10-29T21:55:41.616279-03:00] main.DEBUG: Usando la clase PageController metodo especialidades [] []
[2020-10-29T21:55:42.801943-03:00] main.DEBUG: Creando instancia de PAW/Router [] []
[2020-10-29T21:55:42.812146-03:00] main.DEBUG: Rutas creadas [] []
[2020-10-29T21:55:42.812297-03:00] main.DEBUG: Redireccionando a: /estudios [] []
[2020-10-29T21:55:42.812362-03:00] main.DEBUG: Ruta: /estudios [] []
[2020-10-29T21:55:42.813488-03:00] main.DEBUG: Usando la clase PageController metodo estudios [] []
[2020-10-29T21:55:44.678475-03:00] main.DEBUG: Creando instancia de PAW/Router [] []
[2020-10-29T21:55:44.685418-03:00] main.DEBUG: Rutas creadas [] []
[2020-10-29T21:55:44.685600-03:00] main.DEBUG: Redireccionando a: /especialidades [] []
[2020-10-29T21:55:44.685658-03:00] main.DEBUG: Ruta: /especialidades [] []
[2020-10-29T21:55:44.686313-03:00] main.DEBUG: Usando la clase PageController metodo especialidades [] []
[2020-10-29T21:55:45.834368-03:00] main.DEBUG: Creando instancia de PAW/Router [] []
[2020-10-29T21:55:45.837921-03:00] main.DEBUG: Rutas creadas [] []
[2020-10-29T21:55:45.838015-03:00] main.DEBUG: Redireccionando a: /turnos [] []
[2020-10-29T21:55:45.838070-03:00] main.DEBUG: Ruta: /turnos [] []
[2020-10-29T21:55:45.838705-03:00] main.DEBUG: Usando la clase PageController metodo turnos [] []
[2020-10-29T21:55:47.276426-03:00] main.DEBUG: Creando instancia de PAW/Router [] []
[2020-10-29T21:55:47.280043-03:00] main.DEBUG: Rutas creadas [] []
[2020-10-29T21:55:47.280146-03:00] main.DEBUG: Redireccionando a: /obras_sociales [] []
[2020-10-29T21:55:47.280201-03:00] main.DEBUG: Ruta: /obras_sociales [] []
[2020-10-29T21:56:09.846144-03:00] main.DEBUG: Creando instancia de PAW/Router [] []
[2020-10-29T21:56:09.855895-03:00] main.DEBUG: Rutas creadas [] []
[2020-10-29T21:56:09.856075-03:00] main.DEBUG: Redireccionando a: / [] []
[2020-10-29T21:56:09.856129-03:00] main.DEBUG: Ruta: / [] []
[2020-10-29T21:56:09.856946-03:00] main.DEBUG: Usando la clase PageController metodo index [] []
[2020-10-29T21:56:12.414852-03:00] main.DEBUG: Creando instancia de PAW/Router [] []
[2020-10-29T21:56:12.418230-03:00] main.DEBUG: Rutas creadas [] []
[2020-10-29T21:56:12.418324-03:00] main.DEBUG: Redireccionando a: /obras_sociales [] []
[2020-10-29T21:56:12.418378-03:00] main.DEBUG: Ruta: /obras_sociales [] []
[2020-10-29T21:56:12.419019-03:00] main.DEBUG: Usando la clase PageController metodo obrasSociales [] []
[2020-10-29T21:56:13.778048-03:00] main.DEBUG: Creando instancia de PAW/Router [] []
[2020-10-29T21:56:13.783117-03:00] main.DEBUG: Rutas creadas [] []
[2020-10-29T21:56:13.783471-03:00] main.DEBUG: Redireccionando a: /especialidades [] []
[2020-10-29T21:56:13.783630-03:00] main.DEBUG: Ruta: /especialidades [] []
[2020-10-29T21:56:13.784382-03:00] main.DEBUG: Usando la clase PageController metodo especialidades [] []
[2020-10-29T21:56:14.444063-03:00] main.DEBUG: Creando instancia de PAW/Router [] []
[2020-10-29T21:56:14.447157-03:00] main.DEBUG: Rutas creadas [] []
[2020-10-29T21:56:14.447250-03:00] main.DEBUG: Redireccionando a: /estudios [] []
[2020-10-29T21:56:14.447306-03:00] main.DEBUG: Ruta: /estudios [] []
[2020-10-29T21:56:14.447935-03:00] main.DEBUG: Usando la clase PageController metodo estudios [] []
[2020-10-29T21:56:15.108423-03:00] main.DEBUG: Creando instancia de PAW/Router [] []
[2020-10-29T21:56:15.113724-03:00] main.DEBUG: Rutas creadas [] []
[2020-10-29T21:56:15.113856-03:00] main.DEBUG: Redireccionando a: /turnos [] []
[2020-10-29T21:56:15.113923-03:00] main.DEBUG: Ruta: /turnos [] []
[2020-10-29T21:56:15.114992-03:00] main.DEBUG: Usando la clase PageController metodo turnos [] []
[2020-10-29T21:56:15.657034-03:00] main.DEBUG: Creando instancia de PAW/Router [] []
[2020-10-29T21:56:15.662116-03:00] main.DEBUG: Rutas creadas [] []
[2020-10-29T21:56:15.662251-03:00] main.DEBUG: Redireccionando a: /home [] []
[2020-10-29T21:56:15.662316-03:00] main.DEBUG: Ruta: /home [] []
[2020-10-29T21:56:15.663644-03:00] main.DEBUG: Usando la clase PageController metodo index [] []
[2020-10-29T21:56:16.311063-03:00] main.DEBUG: Creando instancia de PAW/Router [] []
[2020-10-29T21:56:16.314743-03:00] main.DEBUG: Rutas creadas [] []
[2020-10-29T21:56:16.314838-03:00] main.DEBUG: Redireccionando a: /institucional [] []
[2020-10-29T21:56:16.314891-03:00] main.DEBUG: Ruta: /institucional [] []
[2020-10-29T21:56:16.315523-03:00] main.DEBUG: Usando la clase PageController metodo institucional [] []
[2020-10-29T21:56:20.893741-03:00] main.DEBUG: Creando instancia de PAW/Router [] []
[2020-10-29T21:56:20.897445-03:00] main.DEBUG: Rutas creadas [] []
[2020-10-29T21:56:20.897565-03:00] main.DEBUG: Redireccionando a: /home [] []
[2020-10-29T21:56:20.897758-03:00] main.DEBUG: Ruta: /home [] []
[2020-10-29T21:56:20.898697-03:00] main.DEBUG: Usando la clase PageController metodo index [] []
[2020-10-29T21:56:22.289524-03:00] main.DEBUG: Creando instancia de PAW/Router [] []
[2020-10-29T21:56:22.293180-03:00] main.DEBUG: Rutas creadas [] []
[2020-10-29T21:56:22.293275-03:00] main.DEBUG: Redireccionando a: /especialidades [] []
[2020-10-29T21:56:22.293329-03:00] main.DEBUG: Ruta: /especialidades [] []
[2020-10-29T21:56:22.294794-03:00] main.DEBUG: Usando la clase PageController metodo especialidades [] []
[2020-10-29T21:56:23.145770-03:00] main.DEBUG: Creando instancia de PAW/Router [] []
[2020-10-29T21:56:23.150887-03:00] main.DEBUG: Rutas creadas [] []
[2020-10-29T21:56:23.150984-03:00] main.DEBUG: Redireccionando a: /noticias [] []
[2020-10-29T21:56:23.151038-03:00] main.DEBUG: Ruta: /noticias [] []
[2020-10-29T21:56:23.151672-03:00] main.DEBUG: Usando la clase PageController metodo noticias [] []
[2020-10-29T21:56:24.075299-03:00] main.DEBUG: Creando instancia de PAW/Router [] []
[2020-10-29T21:56:24.078571-03:00] main.DEBUG: Rutas creadas [] []
[2020-10-29T21:56:24.078664-03:00] main.DEBUG: Redireccionando a: /especialidades [] []
[2020-10-29T21:56:24.078735-03:00] main.DEBUG: Ruta: /especialidades [] []
[2020-10-29T21:56:24.079375-03:00] main.DEBUG: Usando la clase PageController metodo especialidades [] []
[2020-10-29T21:56:24.679475-03:00] main.DEBUG: Creando instancia de PAW/Router [] []
[2020-10-29T21:56:24.682898-03:00] main.DEBUG: Rutas creadas [] []
[2020-10-29T21:56:24.682992-03:00] main.DEBUG: Redireccionando a: /obras_sociales [] []
[2020-10-29T21:56:24.683047-03:00] main.DEBUG: Ruta: /obras_sociales [] []
[2020-10-29T21:56:24.683653-03:00] main.DEBUG: Usando la clase PageController metodo obrasSociales [] []
[2020-10-29T21:56:25.335583-03:00] main.DEBUG: Creando instancia de PAW/Router [] []
[2020-10-29T21:56:25.340905-03:00] main.DEBUG: Rutas creadas [] []
[2020-10-29T21:56:25.341096-03:00] main.DEBUG: Redireccionando a: /estudios [] []
[2020-10-29T21:56:25.341171-03:00] main.DEBUG: Ruta: /estudios [] []
[2020-10-29T21:56:25.342243-03:00] main.DEBUG: Usando la clase PageController metodo estudios [] []
[2020-10-29T21:56:25.940041-03:00] main.DEBUG: Creando instancia de PAW/Router [] []
[2020-10-29T21:56:25.947793-03:00] main.DEBUG: Rutas creadas [] []
[2020-10-29T21:56:25.947923-03:00] main.DEBUG: Redireccionando a: /turnos [] []
[2020-10-29T21:56:25.947990-03:00] main.DEBUG: Ruta: /turnos [] []
[2020-10-29T21:56:25.949078-03:00] main.DEBUG: Usando la clase PageController metodo turnos [] []
[2020-10-29T21:56:26.472869-03:00] main.DEBUG: Creando instancia de PAW/Router [] []
[2020-10-29T21:56:26.484655-03:00] main.DEBUG: Rutas creadas [] []
[2020-10-29T21:56:26.484848-03:00] main.DEBUG: Redireccionando a: /home [] []
[2020-10-29T21:56:26.484931-03:00] main.DEBUG: Ruta: /home [] []
[2020-10-29T21:56:26.486031-03:00] main.DEBUG: Usando la clase PageController metodo index [] []
[2020-10-29T22:10:37.515663-03:00] main.DEBUG: Creando instancia de PAW/Router [] []
[2020-10-29T22:10:37.537044-03:00] main.DEBUG: Rutas creadas [] []
[2020-10-29T22:10:37.537163-03:00] main.DEBUG: Redireccionando a: / [] []
[2020-10-29T22:10:37.537227-03:00] main.DEBUG: Ruta: / [] []
[2020-10-29T22:10:37.539306-03:00] main.DEBUG: Usando la clase PageController metodo index [] []
[2020-10-29T22:10:48.976774-03:00] main.DEBUG: Creando instancia de PAW/Router [] []
[2020-10-29T22:10:48.980600-03:00] main.DEBUG: Rutas creadas [] []
[2020-10-29T22:10:48.980695-03:00] main.DEBUG: Redireccionando a: / [] []
[2020-10-29T22:10:48.980786-03:00] main.DEBUG: Ruta: / [] []
[2020-10-29T22:10:48.981500-03:00] main.DEBUG: Usando la clase PageController metodo index [] []
[2020-10-29T22:10:50.101684-03:00] main.DEBUG: Creando instancia de PAW/Router [] []
[2020-10-29T22:10:50.108579-03:00] main.DEBUG: Rutas creadas [] []
[2020-10-29T22:10:50.108707-03:00] main.DEBUG: Redireccionando a: / [] []
[2020-10-29T22:10:50.108772-03:00] main.DEBUG: Ruta: / [] []
[2020-10-29T22:10:50.111236-03:00] main.DEBUG: Usando la clase PageController metodo index [] []
[2020-10-29T22:11:02.218564-03:00] main.DEBUG: Creando instancia de PAW/Router [] []
[2020-10-29T22:11:02.223331-03:00] main.DEBUG: Rutas creadas [] []
[2020-10-29T22:11:02.223429-03:00] main.DEBUG: Redireccionando a: / [] []
[2020-10-29T22:11:02.223484-03:00] main.DEBUG: Ruta: / [] []
[2020-10-29T22:11:02.224174-03:00] main.DEBUG: Usando la clase PageController metodo index [] []
[2020-10-29T22:11:16.802176-03:00] main.DEBUG: Creando instancia de PAW/Router [] []
[2020-10-29T22:11:16.805708-03:00] main.DEBUG: Rutas creadas [] []
[2020-10-29T22:11:16.805813-03:00] main.DEBUG: Redireccionando a: / [] []
[2020-10-29T22:11:16.805868-03:00] main.DEBUG: Ruta: / [] []
[2020-10-29T22:11:16.806547-03:00] main.DEBUG: Usando la clase PageController metodo index [] []
[2020-10-29T22:11:17.851782-03:00] main.DEBUG: Creando instancia de PAW/Router [] []
[2020-10-29T22:11:17.859987-03:00] main.DEBUG: Rutas creadas [] []
[2020-10-29T22:11:17.860086-03:00] main.DEBUG: Redireccionando a: / [] []
[2020-10-29T22:11:17.860140-03:00] main.DEBUG: Ruta: / [] []
[2020-10-29T22:11:17.860805-03:00] main.DEBUG: Usando la clase PageController metodo index [] []
[2020-10-29T22:20:19.564307-03:00] main.DEBUG: Creando instancia de PAW/Router [] []
[2020-10-29T22:20:19.576236-03:00] main.DEBUG: Rutas creadas [] []
[2020-10-29T22:20:19.576383-03:00] main.DEBUG: Redireccionando a: / [] []
[2020-10-29T22:20:19.576448-03:00] main.DEBUG: Ruta: / [] []
[2020-10-29T22:20:19.579092-03:00] main.DEBUG: Usando la clase PageController metodo index [] []
[2020-10-29T22:20:21.142399-03:00] main.DEBUG: Creando instancia de PAW/Router [] []
[2020-10-29T22:20:21.146994-03:00] main.DEBUG: Rutas creadas [] []
[2020-10-29T22:20:21.147097-03:00] main.DEBUG: Redireccionando a: /especialidades [] []
[2020-10-29T22:20:21.147155-03:00] main.DEBUG: Ruta: /especialidades [] []
[2020-10-29T22:20:21.147855-03:00] main.DEBUG: Usando la clase PageController metodo especialidades [] []
[2020-10-29T22:20:22.322711-03:00] main.DEBUG: Creando instancia de PAW/Router [] []
[2020-10-29T22:20:22.327528-03:00] main.DEBUG: Rutas creadas [] []
[2020-10-29T22:20:22.327643-03:00] main.DEBUG: Redireccionando a: /estudios [] []
[2020-10-29T22:20:22.327703-03:00] main.DEBUG: Ruta: /estudios [] []
[2020-10-29T22:20:22.331235-03:00] main.DEBUG: Usando la clase PageController metodo estudios [] []
[2020-10-29T22:20:23.240909-03:00] main.DEBUG: Creando instancia de PAW/Router [] []
[2020-10-29T22:20:23.246763-03:00] main.DEBUG: Rutas creadas [] []
[2020-10-29T22:20:23.246893-03:00] main.DEBUG: Redireccionando a: /turnos [] []
[2020-10-29T22:20:23.246961-03:00] main.DEBUG: Ruta: /turnos [] []
[2020-10-29T22:20:23.247929-03:00] main.DEBUG: Usando la clase PageController metodo turnos [] []
[2020-10-29T22:20:24.513450-03:00] main.DEBUG: Creando instancia de PAW/Router [] []
[2020-10-29T22:20:24.516658-03:00] main.DEBUG: Rutas creadas [] []
[2020-10-29T22:20:24.516753-03:00] main.DEBUG: Redireccionando a: /home [] []
[2020-10-29T22:20:24.516807-03:00] main.DEBUG: Ruta: /home [] []
[2020-10-29T22:20:24.517455-03:00] main.DEBUG: Usando la clase PageController metodo index [] []
[2020-10-29T22:21:31.784095-03:00] main.DEBUG: Creando instancia de PAW/Router [] []
[2020-10-29T22:21:31.788453-03:00] main.DEBUG: Rutas creadas [] []
[2020-10-29T22:21:31.788551-03:00] main.DEBUG: Redireccionando a: /home [] []
[2020-10-29T22:21:31.790312-03:00] main.DEBUG: Ruta: /home [] []
[2020-10-29T22:21:31.791471-03:00] main.DEBUG: Usando la clase PageController metodo index [] []
